2016-02-28 14:18:44  [ main:0 ] - [ INFO ]  start jetty-server ......
2016-02-28 14:18:44  [ main:17 ] - [ INFO ]  begin initialization QueuedThreadPool ......
2016-02-28 14:18:44  [ main:20 ] - [ INFO ]  begin initialization SelectChannelConnector ......
2016-02-28 14:18:44  [ main:22 ] - [ INFO ]  Logging to org.slf4j.impl.Log4jLoggerAdapter(org.mortbay.log) via org.mortbay.log.Slf4jLog
2016-02-28 14:18:44  [ main:22 ] - [ INFO ]  begin initialization Server ......
2016-02-28 14:18:44  [ main:37 ] - [ INFO ]  begin initialization WebAppContext ......
2016-02-28 14:18:44  [ main:37 ] - [ INFO ]   initialization app-root '/paas-cres=src/main/webapp' ...... 
2016-02-28 14:18:44  [ main:69 ] - [ INFO ]  begin start server ......
2016-02-28 14:18:44  [ main:69 ] - [ INFO ]  jetty-6.1.26
2016-02-28 14:18:45  [ main:537 ] - [ INFO ]  Initializing Spring FrameworkServlet 'spring'
2016-02-28 14:18:45  [ main:538 ] - [ INFO ]  FrameworkServlet 'spring': initialization started
2016-02-28 14:18:45  [ main:556 ] - [ INFO ]  Refreshing WebApplicationContext for namespace 'spring-servlet': startup date [Sun Feb 28 14:18:45 CST 2016]; root of context hierarchy
2016-02-28 14:18:45  [ main:592 ] - [ INFO ]  Loading XML bean definitions from ServletContext resource [/WEB-INF/spring-servlet.xml]
2016-02-28 14:18:45  [ main:656 ] - [ INFO ]  Loading XML bean definitions from class path resource [spring-context.xml]
2016-02-28 14:18:45  [ main:689 ] - [ INFO ]  Loading XML bean definitions from class path resource [spring-dubbo-client.xml]
2016-02-28 14:18:45  [ main:751 ] - [ INFO ]  Loading XML bean definitions from class path resource [spring-sso-client.xml]
2016-02-28 14:18:45  [ main:754 ] - [ INFO ]  Loading XML bean definitions from class path resource [spring/spring-sso-client.xml]
2016-02-28 14:18:45  [ main:789 ] - [ INFO ]  JSR-250 'javax.annotation.ManagedBean' found and supported for component scanning
2016-02-28 14:18:45  [ main:836 ] - [ INFO ]  Loading XML bean definitions from class path resource [spring/spring-paas-frame.xml]
2016-02-28 14:18:45  [ main:851 ] - [ INFO ]  JSR-250 'javax.annotation.ManagedBean' found and supported for component scanning
2016-02-28 14:18:45  [ main:905 ] - [ INFO ]  Loading XML bean definitions from class path resource [spring/spring-paas-sys.xml]
2016-02-28 14:18:45  [ main:905 ] - [ ERROR ]  Context initialization failed
org.springframework.beans.factory.parsing.BeanDefinitionParsingException: Configuration problem: Failed to import bean definitions from URL location [classpath:spring-context.xml]
Offending resource: ServletContext resource [/WEB-INF/spring-servlet.xml]; nested exception is org.springframework.beans.factory.parsing.BeanDefinitionParsingException: Configuration problem: Failed to import bean definitions from URL location [classpath:spring/spring-paas-sys.xml]
Offending resource: class path resource [spring-context.xml]; nested exception is org.springframework.beans.factory.BeanDefinitionStoreException: IOException parsing XML document from class path resource [spring/spring-paas-sys.xml]; nested exception is java.io.FileNotFoundException: class path resource [spring/spring-paas-sys.xml] cannot be opened because it does not exist
	at org.springframework.beans.factory.parsing.FailFastProblemReporter.error(FailFastProblemReporter.java:68)
	at org.springframework.beans.factory.parsing.ReaderContext.error(ReaderContext.java:85)
	at org.springframework.beans.factory.parsing.ReaderContext.error(ReaderContext.java:76)
	at org.springframework.beans.factory.xml.DefaultBeanDefinitionDocumentReader.importBeanDefinitionResource(DefaultBeanDefinitionDocumentReader.java:245)
	at org.springframework.beans.factory.xml.DefaultBeanDefinitionDocumentReader.parseDefaultElement(DefaultBeanDefinitionDocumentReader.java:196)
	at org.springframework.beans.factory.xml.DefaultBeanDefinitionDocumentReader.parseBeanDefinitions(DefaultBeanDefinitionDocumentReader.java:181)
	at org.springframework.beans.factory.xml.DefaultBeanDefinitionDocumentReader.doRegisterBeanDefinitions(DefaultBeanDefinitionDocumentReader.java:140)
	at org.springframework.beans.factory.xml.DefaultBeanDefinitionDocumentReader.registerBeanDefinitions(DefaultBeanDefinitionDocumentReader.java:111)
	at org.springframework.beans.factory.xml.XmlBeanDefinitionReader.registerBeanDefinitions(XmlBeanDefinitionReader.java:493)
	at org.springframework.beans.factory.xml.XmlBeanDefinitionReader.doLoadBeanDefinitions(XmlBeanDefinitionReader.java:390)
	at org.springframework.beans.factory.xml.XmlBeanDefinitionReader.loadBeanDefinitions(XmlBeanDefinitionReader.java:334)
	at org.springframework.beans.factory.xml.XmlBeanDefinitionReader.loadBeanDefinitions(XmlBeanDefinitionReader.java:302)
	at org.springframework.beans.factory.support.AbstractBeanDefinitionReader.loadBeanDefinitions(AbstractBeanDefinitionReader.java:174)
	at org.springframework.beans.factory.support.AbstractBeanDefinitionReader.loadBeanDefinitions(AbstractBeanDefinitionReader.java:209)
	at org.springframework.beans.factory.support.AbstractBeanDefinitionReader.loadBeanDefinitions(AbstractBeanDefinitionReader.java:180)
	at org.springframework.web.context.support.XmlWebApplicationContext.loadBeanDefinitions(XmlWebApplicationContext.java:125)
	at org.springframework.web.context.support.XmlWebApplicationContext.loadBeanDefinitions(XmlWebApplicationContext.java:94)
	at org.springframework.context.support.AbstractRefreshableApplicationContext.refreshBeanFactory(AbstractRefreshableApplicationContext.java:131)
	at org.springframework.context.support.AbstractApplicationContext.obtainFreshBeanFactory(AbstractApplicationContext.java:530)
	at org.springframework.context.support.AbstractApplicationContext.refresh(AbstractApplicationContext.java:444)
	at org.springframework.web.servlet.FrameworkServlet.configureAndRefreshWebApplicationContext(FrameworkServlet.java:631)
	at org.springframework.web.servlet.FrameworkServlet.createWebApplicationContext(FrameworkServlet.java:588)
	at org.springframework.web.servlet.FrameworkServlet.createWebApplicationContext(FrameworkServlet.java:645)
	at org.springframework.web.servlet.FrameworkServlet.initWebApplicationContext(FrameworkServlet.java:508)
	at org.springframework.web.servlet.FrameworkServlet.initServletBean(FrameworkServlet.java:449)
	at org.springframework.web.servlet.HttpServletBean.init(HttpServletBean.java:133)
	at javax.servlet.GenericServlet.init(GenericServlet.java:241)
	at org.mortbay.jetty.servlet.ServletHolder.initServlet(ServletHolder.java:440)
	at org.mortbay.jetty.servlet.ServletHolder.doStart(ServletHolder.java:263)
	at org.mortbay.component.AbstractLifeCycle.start(AbstractLifeCycle.java:50)
	at org.mortbay.jetty.servlet.ServletHandler.initialize(ServletHandler.java:736)
	at org.mortbay.jetty.servlet.Context.startContext(Context.java:140)
	at org.mortbay.jetty.webapp.WebAppContext.startContext(WebAppContext.java:1282)
	at org.mortbay.jetty.handler.ContextHandler.doStart(ContextHandler.java:518)
	at org.mortbay.jetty.webapp.WebAppContext.doStart(WebAppContext.java:499)
	at org.mortbay.component.AbstractLifeCycle.start(AbstractLifeCycle.java:50)
	at org.mortbay.jetty.handler.HandlerCollection.doStart(HandlerCollection.java:152)
	at org.mortbay.component.AbstractLifeCycle.start(AbstractLifeCycle.java:50)
	at org.mortbay.jetty.handler.HandlerWrapper.doStart(HandlerWrapper.java:130)
	at org.mortbay.jetty.Server.doStart(Server.java:224)
	at org.mortbay.component.AbstractLifeCycle.start(AbstractLifeCycle.java:50)
	at com.binary.application.jetty.JettyServer.start(JettyServer.java:281)
	at com.binary.application.jetty.JettyMain.main(JettyMain.java:12)
	at com.aic.paas.cres.test.TestCResMain.main(TestCResMain.java:10)
Caused by: org.springframework.beans.factory.parsing.BeanDefinitionParsingException: Configuration problem: Failed to import bean definitions from URL location [classpath:spring/spring-paas-sys.xml]
Offending resource: class path resource [spring-context.xml]; nested exception is org.springframework.beans.factory.BeanDefinitionStoreException: IOException parsing XML document from class path resource [spring/spring-paas-sys.xml]; nested exception is java.io.FileNotFoundException: class path resource [spring/spring-paas-sys.xml] cannot be opened because it does not exist
	at org.springframework.beans.factory.parsing.FailFastProblemReporter.error(FailFastProblemReporter.java:68)
	at org.springframework.beans.factory.parsing.ReaderContext.error(ReaderContext.java:85)
	at org.springframework.beans.factory.parsing.ReaderContext.error(ReaderContext.java:76)
	at org.springframework.beans.factory.xml.DefaultBeanDefinitionDocumentReader.importBeanDefinitionResource(DefaultBeanDefinitionDocumentReader.java:245)
	at org.springframework.beans.factory.xml.DefaultBeanDefinitionDocumentReader.parseDefaultElement(DefaultBeanDefinitionDocumentReader.java:196)
	at org.springframework.beans.factory.xml.DefaultBeanDefinitionDocumentReader.parseBeanDefinitions(DefaultBeanDefinitionDocumentReader.java:181)
	at org.springframework.beans.factory.xml.DefaultBeanDefinitionDocumentReader.doRegisterBeanDefinitions(DefaultBeanDefinitionDocumentReader.java:140)
	at org.springframework.beans.factory.xml.DefaultBeanDefinitionDocumentReader.registerBeanDefinitions(DefaultBeanDefinitionDocumentReader.java:111)
	at org.springframework.beans.factory.xml.XmlBeanDefinitionReader.registerBeanDefinitions(XmlBeanDefinitionReader.java:493)
	at org.springframework.beans.factory.xml.XmlBeanDefinitionReader.doLoadBeanDefinitions(XmlBeanDefinitionReader.java:390)
	at org.springframework.beans.factory.xml.XmlBeanDefinitionReader.loadBeanDefinitions(XmlBeanDefinitionReader.java:334)
	at org.springframework.beans.factory.xml.XmlBeanDefinitionReader.loadBeanDefinitions(XmlBeanDefinitionReader.java:302)
	at org.springframework.beans.factory.support.AbstractBeanDefinitionReader.loadBeanDefinitions(AbstractBeanDefinitionReader.java:174)
	at org.springframework.beans.factory.support.AbstractBeanDefinitionReader.loadBeanDefinitions(AbstractBeanDefinitionReader.java:209)
	at org.springframework.beans.factory.xml.DefaultBeanDefinitionDocumentReader.importBeanDefinitionResource(DefaultBeanDefinitionDocumentReader.java:239)
	... 40 more
Caused by: org.springframework.beans.factory.BeanDefinitionStoreException: IOException parsing XML document from class path resource [spring/spring-paas-sys.xml]; nested exception is java.io.FileNotFoundException: class path resource [spring/spring-paas-sys.xml] cannot be opened because it does not exist
	at org.springframework.beans.factory.xml.XmlBeanDefinitionReader.loadBeanDefinitions(XmlBeanDefinitionReader.java:341)
	at org.springframework.beans.factory.xml.XmlBeanDefinitionReader.loadBeanDefinitions(XmlBeanDefinitionReader.java:302)
	at org.springframework.beans.factory.support.AbstractBeanDefinitionReader.loadBeanDefinitions(AbstractBeanDefinitionReader.java:174)
	at org.springframework.beans.factory.support.AbstractBeanDefinitionReader.loadBeanDefinitions(AbstractBeanDefinitionReader.java:209)
	at org.springframework.beans.factory.xml.DefaultBeanDefinitionDocumentReader.importBeanDefinitionResource(DefaultBeanDefinitionDocumentReader.java:239)
	... 51 more
Caused by: java.io.FileNotFoundException: class path resource [spring/spring-paas-sys.xml] cannot be opened because it does not exist
	at org.springframework.core.io.ClassPathResource.getInputStream(ClassPathResource.java:157)
	at org.springframework.beans.factory.xml.XmlBeanDefinitionReader.loadBeanDefinitions(XmlBeanDefinitionReader.java:328)
	... 55 more
2016-02-28 14:18:45  [ main:905 ] - [ ERROR ]  unavailable
org.springframework.beans.factory.parsing.BeanDefinitionParsingException: Configuration problem: Failed to import bean definitions from URL location [classpath:spring-context.xml]
Offending resource: ServletContext resource [/WEB-INF/spring-servlet.xml]; nested exception is org.springframework.beans.factory.parsing.BeanDefinitionParsingException: Configuration problem: Failed to import bean definitions from URL location [classpath:spring/spring-paas-sys.xml]
Offending resource: class path resource [spring-context.xml]; nested exception is org.springframework.beans.factory.BeanDefinitionStoreException: IOException parsing XML document from class path resource [spring/spring-paas-sys.xml]; nested exception is java.io.FileNotFoundException: class path resource [spring/spring-paas-sys.xml] cannot be opened because it does not exist
	at org.springframework.beans.factory.parsing.FailFastProblemReporter.error(FailFastProblemReporter.java:68)
	at org.springframework.beans.factory.parsing.ReaderContext.error(ReaderContext.java:85)
	at org.springframework.beans.factory.parsing.ReaderContext.error(ReaderContext.java:76)
	at org.springframework.beans.factory.xml.DefaultBeanDefinitionDocumentReader.importBeanDefinitionResource(DefaultBeanDefinitionDocumentReader.java:245)
	at org.springframework.beans.factory.xml.DefaultBeanDefinitionDocumentReader.parseDefaultElement(DefaultBeanDefinitionDocumentReader.java:196)
	at org.springframework.beans.factory.xml.DefaultBeanDefinitionDocumentReader.parseBeanDefinitions(DefaultBeanDefinitionDocumentReader.java:181)
	at org.springframework.beans.factory.xml.DefaultBeanDefinitionDocumentReader.doRegisterBeanDefinitions(DefaultBeanDefinitionDocumentReader.java:140)
	at org.springframework.beans.factory.xml.DefaultBeanDefinitionDocumentReader.registerBeanDefinitions(DefaultBeanDefinitionDocumentReader.java:111)
	at org.springframework.beans.factory.xml.XmlBeanDefinitionReader.registerBeanDefinitions(XmlBeanDefinitionReader.java:493)
	at org.springframework.beans.factory.xml.XmlBeanDefinitionReader.doLoadBeanDefinitions(XmlBeanDefinitionReader.java:390)
	at org.springframework.beans.factory.xml.XmlBeanDefinitionReader.loadBeanDefinitions(XmlBeanDefinitionReader.java:334)
	at org.springframework.beans.factory.xml.XmlBeanDefinitionReader.loadBeanDefinitions(XmlBeanDefinitionReader.java:302)
	at org.springframework.beans.factory.support.AbstractBeanDefinitionReader.loadBeanDefinitions(AbstractBeanDefinitionReader.java:174)
	at org.springframework.beans.factory.support.AbstractBeanDefinitionReader.loadBeanDefinitions(AbstractBeanDefinitionReader.java:209)
	at org.springframework.beans.factory.support.AbstractBeanDefinitionReader.loadBeanDefinitions(AbstractBeanDefinitionReader.java:180)
	at org.springframework.web.context.support.XmlWebApplicationContext.loadBeanDefinitions(XmlWebApplicationContext.java:125)
	at org.springframework.web.context.support.XmlWebApplicationContext.loadBeanDefinitions(XmlWebApplicationContext.java:94)
	at org.springframework.context.support.AbstractRefreshableApplicationContext.refreshBeanFactory(AbstractRefreshableApplicationContext.java:131)
	at org.springframework.context.support.AbstractApplicationContext.obtainFreshBeanFactory(AbstractApplicationContext.java:530)
	at org.springframework.context.support.AbstractApplicationContext.refresh(AbstractApplicationContext.java:444)
	at org.springframework.web.servlet.FrameworkServlet.configureAndRefreshWebApplicationContext(FrameworkServlet.java:631)
	at org.springframework.web.servlet.FrameworkServlet.createWebApplicationContext(FrameworkServlet.java:588)
	at org.springframework.web.servlet.FrameworkServlet.createWebApplicationContext(FrameworkServlet.java:645)
	at org.springframework.web.servlet.FrameworkServlet.initWebApplicationContext(FrameworkServlet.java:508)
	at org.springframework.web.servlet.FrameworkServlet.initServletBean(FrameworkServlet.java:449)
	at org.springframework.web.servlet.HttpServletBean.init(HttpServletBean.java:133)
	at javax.servlet.GenericServlet.init(GenericServlet.java:241)
	at org.mortbay.jetty.servlet.ServletHolder.initServlet(ServletHolder.java:440)
	at org.mortbay.jetty.servlet.ServletHolder.doStart(ServletHolder.java:263)
	at org.mortbay.component.AbstractLifeCycle.start(AbstractLifeCycle.java:50)
	at org.mortbay.jetty.servlet.ServletHandler.initialize(ServletHandler.java:736)
	at org.mortbay.jetty.servlet.Context.startContext(Context.java:140)
	at org.mortbay.jetty.webapp.WebAppContext.startContext(WebAppContext.java:1282)
	at org.mortbay.jetty.handler.ContextHandler.doStart(ContextHandler.java:518)
	at org.mortbay.jetty.webapp.WebAppContext.doStart(WebAppContext.java:499)
	at org.mortbay.component.AbstractLifeCycle.start(AbstractLifeCycle.java:50)
	at org.mortbay.jetty.handler.HandlerCollection.doStart(HandlerCollection.java:152)
	at org.mortbay.component.AbstractLifeCycle.start(AbstractLifeCycle.java:50)
	at org.mortbay.jetty.handler.HandlerWrapper.doStart(HandlerWrapper.java:130)
	at org.mortbay.jetty.Server.doStart(Server.java:224)
	at org.mortbay.component.AbstractLifeCycle.start(AbstractLifeCycle.java:50)
	at com.binary.application.jetty.JettyServer.start(JettyServer.java:281)
	at com.binary.application.jetty.JettyMain.main(JettyMain.java:12)
	at com.aic.paas.cres.test.TestCResMain.main(TestCResMain.java:10)
Caused by: org.springframework.beans.factory.parsing.BeanDefinitionParsingException: Configuration problem: Failed to import bean definitions from URL location [classpath:spring/spring-paas-sys.xml]
Offending resource: class path resource [spring-context.xml]; nested exception is org.springframework.beans.factory.BeanDefinitionStoreException: IOException parsing XML document from class path resource [spring/spring-paas-sys.xml]; nested exception is java.io.FileNotFoundException: class path resource [spring/spring-paas-sys.xml] cannot be opened because it does not exist
	at org.springframework.beans.factory.parsing.FailFastProblemReporter.error(FailFastProblemReporter.java:68)
	at org.springframework.beans.factory.parsing.ReaderContext.error(ReaderContext.java:85)
	at org.springframework.beans.factory.parsing.ReaderContext.error(ReaderContext.java:76)
	at org.springframework.beans.factory.xml.DefaultBeanDefinitionDocumentReader.importBeanDefinitionResource(DefaultBeanDefinitionDocumentReader.java:245)
	at org.springframework.beans.factory.xml.DefaultBeanDefinitionDocumentReader.parseDefaultElement(DefaultBeanDefinitionDocumentReader.java:196)
	at org.springframework.beans.factory.xml.DefaultBeanDefinitionDocumentReader.parseBeanDefinitions(DefaultBeanDefinitionDocumentReader.java:181)
	at org.springframework.beans.factory.xml.DefaultBeanDefinitionDocumentReader.doRegisterBeanDefinitions(DefaultBeanDefinitionDocumentReader.java:140)
	at org.springframework.beans.factory.xml.DefaultBeanDefinitionDocumentReader.registerBeanDefinitions(DefaultBeanDefinitionDocumentReader.java:111)
	at org.springframework.beans.factory.xml.XmlBeanDefinitionReader.registerBeanDefinitions(XmlBeanDefinitionReader.java:493)
	at org.springframework.beans.factory.xml.XmlBeanDefinitionReader.doLoadBeanDefinitions(XmlBeanDefinitionReader.java:390)
	at org.springframework.beans.factory.xml.XmlBeanDefinitionReader.loadBeanDefinitions(XmlBeanDefinitionReader.java:334)
	at org.springframework.beans.factory.xml.XmlBeanDefinitionReader.loadBeanDefinitions(XmlBeanDefinitionReader.java:302)
	at org.springframework.beans.factory.support.AbstractBeanDefinitionReader.loadBeanDefinitions(AbstractBeanDefinitionReader.java:174)
	at org.springframework.beans.factory.support.AbstractBeanDefinitionReader.loadBeanDefinitions(AbstractBeanDefinitionReader.java:209)
	at org.springframework.beans.factory.xml.DefaultBeanDefinitionDocumentReader.importBeanDefinitionResource(DefaultBeanDefinitionDocumentReader.java:239)
	... 40 more
Caused by: org.springframework.beans.factory.BeanDefinitionStoreException: IOException parsing XML document from class path resource [spring/spring-paas-sys.xml]; nested exception is java.io.FileNotFoundException: class path resource [spring/spring-paas-sys.xml] cannot be opened because it does not exist
	at org.springframework.beans.factory.xml.XmlBeanDefinitionReader.loadBeanDefinitions(XmlBeanDefinitionReader.java:341)
	at org.springframework.beans.factory.xml.XmlBeanDefinitionReader.loadBeanDefinitions(XmlBeanDefinitionReader.java:302)
	at org.springframework.beans.factory.support.AbstractBeanDefinitionReader.loadBeanDefinitions(AbstractBeanDefinitionReader.java:174)
	at org.springframework.beans.factory.support.AbstractBeanDefinitionReader.loadBeanDefinitions(AbstractBeanDefinitionReader.java:209)
	at org.springframework.beans.factory.xml.DefaultBeanDefinitionDocumentReader.importBeanDefinitionResource(DefaultBeanDefinitionDocumentReader.java:239)
	... 51 more
Caused by: java.io.FileNotFoundException: class path resource [spring/spring-paas-sys.xml] cannot be opened because it does not exist
	at org.springframework.core.io.ClassPathResource.getInputStream(ClassPathResource.java:157)
	at org.springframework.beans.factory.xml.XmlBeanDefinitionReader.loadBeanDefinitions(XmlBeanDefinitionReader.java:328)
	... 55 more
2016-02-28 14:18:45  [ main:936 ] - [ INFO ]  Started SelectChannelConnector@0.0.0.0:16102
2016-02-28 14:18:45  [ main:936 ] - [ INFO ]  start server successful.
2016-02-28 14:19:36  [ main:0 ] - [ INFO ]  start jetty-server ......
2016-02-28 14:19:36  [ main:0 ] - [ INFO ]  begin initialization QueuedThreadPool ......
2016-02-28 14:19:36  [ main:16 ] - [ INFO ]  begin initialization SelectChannelConnector ......
2016-02-28 14:19:36  [ main:22 ] - [ INFO ]  Logging to org.slf4j.impl.Log4jLoggerAdapter(org.mortbay.log) via org.mortbay.log.Slf4jLog
2016-02-28 14:19:36  [ main:22 ] - [ INFO ]  begin initialization Server ......
2016-02-28 14:19:36  [ main:38 ] - [ INFO ]  begin initialization WebAppContext ......
2016-02-28 14:19:36  [ main:38 ] - [ INFO ]   initialization app-root '/paas-cres=src/main/webapp' ...... 
2016-02-28 14:19:36  [ main:69 ] - [ INFO ]  begin start server ......
2016-02-28 14:19:36  [ main:69 ] - [ INFO ]  jetty-6.1.26
2016-02-28 14:19:36  [ main:470 ] - [ INFO ]  Initializing Spring FrameworkServlet 'spring'
2016-02-28 14:19:36  [ main:470 ] - [ INFO ]  FrameworkServlet 'spring': initialization started
2016-02-28 14:19:36  [ main:485 ] - [ INFO ]  Refreshing WebApplicationContext for namespace 'spring-servlet': startup date [Sun Feb 28 14:19:36 CST 2016]; root of context hierarchy
2016-02-28 14:19:36  [ main:523 ] - [ INFO ]  Loading XML bean definitions from ServletContext resource [/WEB-INF/spring-servlet.xml]
2016-02-28 14:19:36  [ main:586 ] - [ INFO ]  Loading XML bean definitions from class path resource [spring-context.xml]
2016-02-28 14:19:36  [ main:623 ] - [ INFO ]  Loading XML bean definitions from class path resource [spring-dubbo-client.xml]
2016-02-28 14:19:37  [ main:670 ] - [ INFO ]  Loading XML bean definitions from class path resource [spring-sso-client.xml]
2016-02-28 14:19:37  [ main:686 ] - [ INFO ]  Loading XML bean definitions from class path resource [spring/spring-sso-client.xml]
2016-02-28 14:19:37  [ main:722 ] - [ INFO ]  JSR-250 'javax.annotation.ManagedBean' found and supported for component scanning
2016-02-28 14:19:37  [ main:739 ] - [ INFO ]  Loading XML bean definitions from class path resource [spring/spring-paas-frame.xml]
2016-02-28 14:19:37  [ main:771 ] - [ INFO ]  JSR-250 'javax.annotation.ManagedBean' found and supported for component scanning
2016-02-28 14:19:37  [ main:824 ] - [ INFO ]  Loading XML bean definitions from class path resource [spring/spring-paas-sys.xml]
2016-02-28 14:19:37  [ main:824 ] - [ ERROR ]  Context initialization failed
org.springframework.beans.factory.parsing.BeanDefinitionParsingException: Configuration problem: Failed to import bean definitions from URL location [classpath:spring-context.xml]
Offending resource: ServletContext resource [/WEB-INF/spring-servlet.xml]; nested exception is org.springframework.beans.factory.parsing.BeanDefinitionParsingException: Configuration problem: Failed to import bean definitions from URL location [classpath:spring/spring-paas-sys.xml]
Offending resource: class path resource [spring-context.xml]; nested exception is org.springframework.beans.factory.BeanDefinitionStoreException: IOException parsing XML document from class path resource [spring/spring-paas-sys.xml]; nested exception is java.io.FileNotFoundException: class path resource [spring/spring-paas-sys.xml] cannot be opened because it does not exist
	at org.springframework.beans.factory.parsing.FailFastProblemReporter.error(FailFastProblemReporter.java:68)
	at org.springframework.beans.factory.parsing.ReaderContext.error(ReaderContext.java:85)
	at org.springframework.beans.factory.parsing.ReaderContext.error(ReaderContext.java:76)
	at org.springframework.beans.factory.xml.DefaultBeanDefinitionDocumentReader.importBeanDefinitionResource(DefaultBeanDefinitionDocumentReader.java:245)
	at org.springframework.beans.factory.xml.DefaultBeanDefinitionDocumentReader.parseDefaultElement(DefaultBeanDefinitionDocumentReader.java:196)
	at org.springframework.beans.factory.xml.DefaultBeanDefinitionDocumentReader.parseBeanDefinitions(DefaultBeanDefinitionDocumentReader.java:181)
	at org.springframework.beans.factory.xml.DefaultBeanDefinitionDocumentReader.doRegisterBeanDefinitions(DefaultBeanDefinitionDocumentReader.java:140)
	at org.springframework.beans.factory.xml.DefaultBeanDefinitionDocumentReader.registerBeanDefinitions(DefaultBeanDefinitionDocumentReader.java:111)
	at org.springframework.beans.factory.xml.XmlBeanDefinitionReader.registerBeanDefinitions(XmlBeanDefinitionReader.java:493)
	at org.springframework.beans.factory.xml.XmlBeanDefinitionReader.doLoadBeanDefinitions(XmlBeanDefinitionReader.java:390)
	at org.springframework.beans.factory.xml.XmlBeanDefinitionReader.loadBeanDefinitions(XmlBeanDefinitionReader.java:334)
	at org.springframework.beans.factory.xml.XmlBeanDefinitionReader.loadBeanDefinitions(XmlBeanDefinitionReader.java:302)
	at org.springframework.beans.factory.support.AbstractBeanDefinitionReader.loadBeanDefinitions(AbstractBeanDefinitionReader.java:174)
	at org.springframework.beans.factory.support.AbstractBeanDefinitionReader.loadBeanDefinitions(AbstractBeanDefinitionReader.java:209)
	at org.springframework.beans.factory.support.AbstractBeanDefinitionReader.loadBeanDefinitions(AbstractBeanDefinitionReader.java:180)
	at org.springframework.web.context.support.XmlWebApplicationContext.loadBeanDefinitions(XmlWebApplicationContext.java:125)
	at org.springframework.web.context.support.XmlWebApplicationContext.loadBeanDefinitions(XmlWebApplicationContext.java:94)
	at org.springframework.context.support.AbstractRefreshableApplicationContext.refreshBeanFactory(AbstractRefreshableApplicationContext.java:131)
	at org.springframework.context.support.AbstractApplicationContext.obtainFreshBeanFactory(AbstractApplicationContext.java:530)
	at org.springframework.context.support.AbstractApplicationContext.refresh(AbstractApplicationContext.java:444)
	at org.springframework.web.servlet.FrameworkServlet.configureAndRefreshWebApplicationContext(FrameworkServlet.java:631)
	at org.springframework.web.servlet.FrameworkServlet.createWebApplicationContext(FrameworkServlet.java:588)
	at org.springframework.web.servlet.FrameworkServlet.createWebApplicationContext(FrameworkServlet.java:645)
	at org.springframework.web.servlet.FrameworkServlet.initWebApplicationContext(FrameworkServlet.java:508)
	at org.springframework.web.servlet.FrameworkServlet.initServletBean(FrameworkServlet.java:449)
	at org.springframework.web.servlet.HttpServletBean.init(HttpServletBean.java:133)
	at javax.servlet.GenericServlet.init(GenericServlet.java:241)
	at org.mortbay.jetty.servlet.ServletHolder.initServlet(ServletHolder.java:440)
	at org.mortbay.jetty.servlet.ServletHolder.doStart(ServletHolder.java:263)
	at org.mortbay.component.AbstractLifeCycle.start(AbstractLifeCycle.java:50)
	at org.mortbay.jetty.servlet.ServletHandler.initialize(ServletHandler.java:736)
	at org.mortbay.jetty.servlet.Context.startContext(Context.java:140)
	at org.mortbay.jetty.webapp.WebAppContext.startContext(WebAppContext.java:1282)
	at org.mortbay.jetty.handler.ContextHandler.doStart(ContextHandler.java:518)
	at org.mortbay.jetty.webapp.WebAppContext.doStart(WebAppContext.java:499)
	at org.mortbay.component.AbstractLifeCycle.start(AbstractLifeCycle.java:50)
	at org.mortbay.jetty.handler.HandlerCollection.doStart(HandlerCollection.java:152)
	at org.mortbay.component.AbstractLifeCycle.start(AbstractLifeCycle.java:50)
	at org.mortbay.jetty.handler.HandlerWrapper.doStart(HandlerWrapper.java:130)
	at org.mortbay.jetty.Server.doStart(Server.java:224)
	at org.mortbay.component.AbstractLifeCycle.start(AbstractLifeCycle.java:50)
	at com.binary.application.jetty.JettyServer.start(JettyServer.java:281)
	at com.binary.application.jetty.JettyMain.main(JettyMain.java:12)
	at com.aic.paas.cres.test.TestCResMain.main(TestCResMain.java:10)
Caused by: org.springframework.beans.factory.parsing.BeanDefinitionParsingException: Configuration problem: Failed to import bean definitions from URL location [classpath:spring/spring-paas-sys.xml]
Offending resource: class path resource [spring-context.xml]; nested exception is org.springframework.beans.factory.BeanDefinitionStoreException: IOException parsing XML document from class path resource [spring/spring-paas-sys.xml]; nested exception is java.io.FileNotFoundException: class path resource [spring/spring-paas-sys.xml] cannot be opened because it does not exist
	at org.springframework.beans.factory.parsing.FailFastProblemReporter.error(FailFastProblemReporter.java:68)
	at org.springframework.beans.factory.parsing.ReaderContext.error(ReaderContext.java:85)
	at org.springframework.beans.factory.parsing.ReaderContext.error(ReaderContext.java:76)
	at org.springframework.beans.factory.xml.DefaultBeanDefinitionDocumentReader.importBeanDefinitionResource(DefaultBeanDefinitionDocumentReader.java:245)
	at org.springframework.beans.factory.xml.DefaultBeanDefinitionDocumentReader.parseDefaultElement(DefaultBeanDefinitionDocumentReader.java:196)
	at org.springframework.beans.factory.xml.DefaultBeanDefinitionDocumentReader.parseBeanDefinitions(DefaultBeanDefinitionDocumentReader.java:181)
	at org.springframework.beans.factory.xml.DefaultBeanDefinitionDocumentReader.doRegisterBeanDefinitions(DefaultBeanDefinitionDocumentReader.java:140)
	at org.springframework.beans.factory.xml.DefaultBeanDefinitionDocumentReader.registerBeanDefinitions(DefaultBeanDefinitionDocumentReader.java:111)
	at org.springframework.beans.factory.xml.XmlBeanDefinitionReader.registerBeanDefinitions(XmlBeanDefinitionReader.java:493)
	at org.springframework.beans.factory.xml.XmlBeanDefinitionReader.doLoadBeanDefinitions(XmlBeanDefinitionReader.java:390)
	at org.springframework.beans.factory.xml.XmlBeanDefinitionReader.loadBeanDefinitions(XmlBeanDefinitionReader.java:334)
	at org.springframework.beans.factory.xml.XmlBeanDefinitionReader.loadBeanDefinitions(XmlBeanDefinitionReader.java:302)
	at org.springframework.beans.factory.support.AbstractBeanDefinitionReader.loadBeanDefinitions(AbstractBeanDefinitionReader.java:174)
	at org.springframework.beans.factory.support.AbstractBeanDefinitionReader.loadBeanDefinitions(AbstractBeanDefinitionReader.java:209)
	at org.springframework.beans.factory.xml.DefaultBeanDefinitionDocumentReader.importBeanDefinitionResource(DefaultBeanDefinitionDocumentReader.java:239)
	... 40 more
Caused by: org.springframework.beans.factory.BeanDefinitionStoreException: IOException parsing XML document from class path resource [spring/spring-paas-sys.xml]; nested exception is java.io.FileNotFoundException: class path resource [spring/spring-paas-sys.xml] cannot be opened because it does not exist
	at org.springframework.beans.factory.xml.XmlBeanDefinitionReader.loadBeanDefinitions(XmlBeanDefinitionReader.java:341)
	at org.springframework.beans.factory.xml.XmlBeanDefinitionReader.loadBeanDefinitions(XmlBeanDefinitionReader.java:302)
	at org.springframework.beans.factory.support.AbstractBeanDefinitionReader.loadBeanDefinitions(AbstractBeanDefinitionReader.java:174)
	at org.springframework.beans.factory.support.AbstractBeanDefinitionReader.loadBeanDefinitions(AbstractBeanDefinitionReader.java:209)
	at org.springframework.beans.factory.xml.DefaultBeanDefinitionDocumentReader.importBeanDefinitionResource(DefaultBeanDefinitionDocumentReader.java:239)
	... 51 more
Caused by: java.io.FileNotFoundException: class path resource [spring/spring-paas-sys.xml] cannot be opened because it does not exist
	at org.springframework.core.io.ClassPathResource.getInputStream(ClassPathResource.java:157)
	at org.springframework.beans.factory.xml.XmlBeanDefinitionReader.loadBeanDefinitions(XmlBeanDefinitionReader.java:328)
	... 55 more
2016-02-28 14:19:37  [ main:824 ] - [ ERROR ]  unavailable
org.springframework.beans.factory.parsing.BeanDefinitionParsingException: Configuration problem: Failed to import bean definitions from URL location [classpath:spring-context.xml]
Offending resource: ServletContext resource [/WEB-INF/spring-servlet.xml]; nested exception is org.springframework.beans.factory.parsing.BeanDefinitionParsingException: Configuration problem: Failed to import bean definitions from URL location [classpath:spring/spring-paas-sys.xml]
Offending resource: class path resource [spring-context.xml]; nested exception is org.springframework.beans.factory.BeanDefinitionStoreException: IOException parsing XML document from class path resource [spring/spring-paas-sys.xml]; nested exception is java.io.FileNotFoundException: class path resource [spring/spring-paas-sys.xml] cannot be opened because it does not exist
	at org.springframework.beans.factory.parsing.FailFastProblemReporter.error(FailFastProblemReporter.java:68)
	at org.springframework.beans.factory.parsing.ReaderContext.error(ReaderContext.java:85)
	at org.springframework.beans.factory.parsing.ReaderContext.error(ReaderContext.java:76)
	at org.springframework.beans.factory.xml.DefaultBeanDefinitionDocumentReader.importBeanDefinitionResource(DefaultBeanDefinitionDocumentReader.java:245)
	at org.springframework.beans.factory.xml.DefaultBeanDefinitionDocumentReader.parseDefaultElement(DefaultBeanDefinitionDocumentReader.java:196)
	at org.springframework.beans.factory.xml.DefaultBeanDefinitionDocumentReader.parseBeanDefinitions(DefaultBeanDefinitionDocumentReader.java:181)
	at org.springframework.beans.factory.xml.DefaultBeanDefinitionDocumentReader.doRegisterBeanDefinitions(DefaultBeanDefinitionDocumentReader.java:140)
	at org.springframework.beans.factory.xml.DefaultBeanDefinitionDocumentReader.registerBeanDefinitions(DefaultBeanDefinitionDocumentReader.java:111)
	at org.springframework.beans.factory.xml.XmlBeanDefinitionReader.registerBeanDefinitions(XmlBeanDefinitionReader.java:493)
	at org.springframework.beans.factory.xml.XmlBeanDefinitionReader.doLoadBeanDefinitions(XmlBeanDefinitionReader.java:390)
	at org.springframework.beans.factory.xml.XmlBeanDefinitionReader.loadBeanDefinitions(XmlBeanDefinitionReader.java:334)
	at org.springframework.beans.factory.xml.XmlBeanDefinitionReader.loadBeanDefinitions(XmlBeanDefinitionReader.java:302)
	at org.springframework.beans.factory.support.AbstractBeanDefinitionReader.loadBeanDefinitions(AbstractBeanDefinitionReader.java:174)
	at org.springframework.beans.factory.support.AbstractBeanDefinitionReader.loadBeanDefinitions(AbstractBeanDefinitionReader.java:209)
	at org.springframework.beans.factory.support.AbstractBeanDefinitionReader.loadBeanDefinitions(AbstractBeanDefinitionReader.java:180)
	at org.springframework.web.context.support.XmlWebApplicationContext.loadBeanDefinitions(XmlWebApplicationContext.java:125)
	at org.springframework.web.context.support.XmlWebApplicationContext.loadBeanDefinitions(XmlWebApplicationContext.java:94)
	at org.springframework.context.support.AbstractRefreshableApplicationContext.refreshBeanFactory(AbstractRefreshableApplicationContext.java:131)
	at org.springframework.context.support.AbstractApplicationContext.obtainFreshBeanFactory(AbstractApplicationContext.java:530)
	at org.springframework.context.support.AbstractApplicationContext.refresh(AbstractApplicationContext.java:444)
	at org.springframework.web.servlet.FrameworkServlet.configureAndRefreshWebApplicationContext(FrameworkServlet.java:631)
	at org.springframework.web.servlet.FrameworkServlet.createWebApplicationContext(FrameworkServlet.java:588)
	at org.springframework.web.servlet.FrameworkServlet.createWebApplicationContext(FrameworkServlet.java:645)
	at org.springframework.web.servlet.FrameworkServlet.initWebApplicationContext(FrameworkServlet.java:508)
	at org.springframework.web.servlet.FrameworkServlet.initServletBean(FrameworkServlet.java:449)
	at org.springframework.web.servlet.HttpServletBean.init(HttpServletBean.java:133)
	at javax.servlet.GenericServlet.init(GenericServlet.java:241)
	at org.mortbay.jetty.servlet.ServletHolder.initServlet(ServletHolder.java:440)
	at org.mortbay.jetty.servlet.ServletHolder.doStart(ServletHolder.java:263)
	at org.mortbay.component.AbstractLifeCycle.start(AbstractLifeCycle.java:50)
	at org.mortbay.jetty.servlet.ServletHandler.initialize(ServletHandler.java:736)
	at org.mortbay.jetty.servlet.Context.startContext(Context.java:140)
	at org.mortbay.jetty.webapp.WebAppContext.startContext(WebAppContext.java:1282)
	at org.mortbay.jetty.handler.ContextHandler.doStart(ContextHandler.java:518)
	at org.mortbay.jetty.webapp.WebAppContext.doStart(WebAppContext.java:499)
	at org.mortbay.component.AbstractLifeCycle.start(AbstractLifeCycle.java:50)
	at org.mortbay.jetty.handler.HandlerCollection.doStart(HandlerCollection.java:152)
	at org.mortbay.component.AbstractLifeCycle.start(AbstractLifeCycle.java:50)
	at org.mortbay.jetty.handler.HandlerWrapper.doStart(HandlerWrapper.java:130)
	at org.mortbay.jetty.Server.doStart(Server.java:224)
	at org.mortbay.component.AbstractLifeCycle.start(AbstractLifeCycle.java:50)
	at com.binary.application.jetty.JettyServer.start(JettyServer.java:281)
	at com.binary.application.jetty.JettyMain.main(JettyMain.java:12)
	at com.aic.paas.cres.test.TestCResMain.main(TestCResMain.java:10)
Caused by: org.springframework.beans.factory.parsing.BeanDefinitionParsingException: Configuration problem: Failed to import bean definitions from URL location [classpath:spring/spring-paas-sys.xml]
Offending resource: class path resource [spring-context.xml]; nested exception is org.springframework.beans.factory.BeanDefinitionStoreException: IOException parsing XML document from class path resource [spring/spring-paas-sys.xml]; nested exception is java.io.FileNotFoundException: class path resource [spring/spring-paas-sys.xml] cannot be opened because it does not exist
	at org.springframework.beans.factory.parsing.FailFastProblemReporter.error(FailFastProblemReporter.java:68)
	at org.springframework.beans.factory.parsing.ReaderContext.error(ReaderContext.java:85)
	at org.springframework.beans.factory.parsing.ReaderContext.error(ReaderContext.java:76)
	at org.springframework.beans.factory.xml.DefaultBeanDefinitionDocumentReader.importBeanDefinitionResource(DefaultBeanDefinitionDocumentReader.java:245)
	at org.springframework.beans.factory.xml.DefaultBeanDefinitionDocumentReader.parseDefaultElement(DefaultBeanDefinitionDocumentReader.java:196)
	at org.springframework.beans.factory.xml.DefaultBeanDefinitionDocumentReader.parseBeanDefinitions(DefaultBeanDefinitionDocumentReader.java:181)
	at org.springframework.beans.factory.xml.DefaultBeanDefinitionDocumentReader.doRegisterBeanDefinitions(DefaultBeanDefinitionDocumentReader.java:140)
	at org.springframework.beans.factory.xml.DefaultBeanDefinitionDocumentReader.registerBeanDefinitions(DefaultBeanDefinitionDocumentReader.java:111)
	at org.springframework.beans.factory.xml.XmlBeanDefinitionReader.registerBeanDefinitions(XmlBeanDefinitionReader.java:493)
	at org.springframework.beans.factory.xml.XmlBeanDefinitionReader.doLoadBeanDefinitions(XmlBeanDefinitionReader.java:390)
	at org.springframework.beans.factory.xml.XmlBeanDefinitionReader.loadBeanDefinitions(XmlBeanDefinitionReader.java:334)
	at org.springframework.beans.factory.xml.XmlBeanDefinitionReader.loadBeanDefinitions(XmlBeanDefinitionReader.java:302)
	at org.springframework.beans.factory.support.AbstractBeanDefinitionReader.loadBeanDefinitions(AbstractBeanDefinitionReader.java:174)
	at org.springframework.beans.factory.support.AbstractBeanDefinitionReader.loadBeanDefinitions(AbstractBeanDefinitionReader.java:209)
	at org.springframework.beans.factory.xml.DefaultBeanDefinitionDocumentReader.importBeanDefinitionResource(DefaultBeanDefinitionDocumentReader.java:239)
	... 40 more
Caused by: org.springframework.beans.factory.BeanDefinitionStoreException: IOException parsing XML document from class path resource [spring/spring-paas-sys.xml]; nested exception is java.io.FileNotFoundException: class path resource [spring/spring-paas-sys.xml] cannot be opened because it does not exist
	at org.springframework.beans.factory.xml.XmlBeanDefinitionReader.loadBeanDefinitions(XmlBeanDefinitionReader.java:341)
	at org.springframework.beans.factory.xml.XmlBeanDefinitionReader.loadBeanDefinitions(XmlBeanDefinitionReader.java:302)
	at org.springframework.beans.factory.support.AbstractBeanDefinitionReader.loadBeanDefinitions(AbstractBeanDefinitionReader.java:174)
	at org.springframework.beans.factory.support.AbstractBeanDefinitionReader.loadBeanDefinitions(AbstractBeanDefinitionReader.java:209)
	at org.springframework.beans.factory.xml.DefaultBeanDefinitionDocumentReader.importBeanDefinitionResource(DefaultBeanDefinitionDocumentReader.java:239)
	... 51 more
Caused by: java.io.FileNotFoundException: class path resource [spring/spring-paas-sys.xml] cannot be opened because it does not exist
	at org.springframework.core.io.ClassPathResource.getInputStream(ClassPathResource.java:157)
	at org.springframework.beans.factory.xml.XmlBeanDefinitionReader.loadBeanDefinitions(XmlBeanDefinitionReader.java:328)
	... 55 more
2016-02-28 14:19:37  [ main:855 ] - [ INFO ]  Started SelectChannelConnector@0.0.0.0:16102
2016-02-28 14:19:37  [ main:855 ] - [ INFO ]  start server successful.
2016-02-28 14:20:01  [ main:0 ] - [ INFO ]  start jetty-server ......
2016-02-28 14:20:01  [ main:0 ] - [ INFO ]  begin initialization QueuedThreadPool ......
2016-02-28 14:20:01  [ main:0 ] - [ INFO ]  begin initialization SelectChannelConnector ......
2016-02-28 14:20:01  [ main:16 ] - [ INFO ]  Logging to org.slf4j.impl.Log4jLoggerAdapter(org.mortbay.log) via org.mortbay.log.Slf4jLog
2016-02-28 14:20:01  [ main:16 ] - [ INFO ]  begin initialization Server ......
2016-02-28 14:20:01  [ main:38 ] - [ INFO ]  begin initialization WebAppContext ......
2016-02-28 14:20:01  [ main:38 ] - [ INFO ]   initialization app-root '/paas-cres=src/main/webapp' ...... 
2016-02-28 14:20:01  [ main:69 ] - [ INFO ]  begin start server ......
2016-02-28 14:20:01  [ main:69 ] - [ INFO ]  jetty-6.1.26
2016-02-28 14:20:01  [ main:534 ] - [ INFO ]  Initializing Spring FrameworkServlet 'spring'
2016-02-28 14:20:01  [ main:535 ] - [ INFO ]  FrameworkServlet 'spring': initialization started
2016-02-28 14:20:01  [ main:538 ] - [ INFO ]  Refreshing WebApplicationContext for namespace 'spring-servlet': startup date [Sun Feb 28 14:20:01 CST 2016]; root of context hierarchy
2016-02-28 14:20:01  [ main:585 ] - [ INFO ]  Loading XML bean definitions from ServletContext resource [/WEB-INF/spring-servlet.xml]
2016-02-28 14:20:01  [ main:639 ] - [ INFO ]  Loading XML bean definitions from class path resource [spring-context.xml]
2016-02-28 14:20:01  [ main:685 ] - [ INFO ]  Loading XML bean definitions from class path resource [spring-dubbo-client.xml]
2016-02-28 14:20:02  [ main:739 ] - [ INFO ]  Loading XML bean definitions from class path resource [spring-sso-client.xml]
2016-02-28 14:20:02  [ main:741 ] - [ INFO ]  Loading XML bean definitions from class path resource [spring/spring-sso-client.xml]
2016-02-28 14:20:02  [ main:787 ] - [ INFO ]  JSR-250 'javax.annotation.ManagedBean' found and supported for component scanning
2016-02-28 14:20:02  [ main:819 ] - [ INFO ]  Loading XML bean definitions from class path resource [spring/spring-paas-frame.xml]
2016-02-28 14:20:02  [ main:839 ] - [ INFO ]  JSR-250 'javax.annotation.ManagedBean' found and supported for component scanning
2016-02-28 14:20:02  [ main:901 ] - [ INFO ]  Loading XML bean definitions from class path resource [spring/spring-paas-cres.xml]
2016-02-28 14:20:02  [ main:917 ] - [ INFO ]  JSR-250 'javax.annotation.ManagedBean' found and supported for component scanning
2016-02-28 14:20:02  [ main:1071 ] - [ INFO ]  Loading properties file from class path resource [project.properties]
2016-02-28 14:20:02  [ main:1102 ] - [ INFO ]  Pre-instantiating singletons in org.springframework.beans.factory.support.DefaultListableBeanFactory@1a74645b: defining beans [viewResolver,org.springframework.web.servlet.handler.SimpleMappingExceptionResolver#0,multipartResolver,org.springframework.beans.factory.config.PropertyPlaceholderConfigurer#0,com.binary.framework.util.FrameworkProperties#0,DubboRestClient_SYS,DubboRestClient_RES,DubboxRest_SysFrameSvc,DubboxRest_MerchentSvc,DubboxRest_PcCompRoomSvc,DubboxRest_PcComputerSvc,DubboxRest_PcDataCenterSvc,DubboxRest_PcImageRepositorySvc,DubboxRest_PcNetZoneSvc,DubboxRest_PcResCenterSvc,DubboxRest_PsMntResApplySvc,DubboxRest_PsMntResSvc,DubboxRest_PsResCenterResSvc,org.springframework.context.annotation.internalConfigurationAnnotationProcessor,org.springframework.context.annotation.internalAutowiredAnnotationProcessor,org.springframework.context.annotation.internalRequiredAnnotationProcessor,org.springframework.context.annotation.internalCommonAnnotationProcessor,com.binary.sso.client.auth.SsoClientAuthMvc#0,com.binary.sso.client.SsoClientConfiguration#0,dropListMvc,indexMvc,moduMvc,tmpFileMvc,treeListMvc,com.aic.paas.frame.cross.peer.impl.SysAuthResPeerImpl#0,com.aic.paas.frame.cross.peer.impl.SysFramePeerImpl#0,com.aic.paas.frame.util.SysFrameUtil#0,com.aic.paas.frame.cross.integration.PaasSsoUserLoginListener#0,dispatchMvc,pcCompRoomMvc,pcComputerMvc,pcDataCenterMvc,pcImageRepositoryMvc,pcNetZoneMvc,pcResCenterMvc,psMntResApplyMvc,psResCenterResMvc,com.aic.paas.cres.peer.impl.PcCompRoomPeerImpl#0,com.aic.paas.cres.peer.impl.PcComputerPeerImpl#0,com.aic.paas.cres.peer.impl.PcDataCenterPeerImpl#0,com.aic.paas.cres.peer.impl.PcNetZonePeerImpl#0,com.aic.paas.cres.peer.impl.PcResCenterPeerImpl#0,com.aic.paas.cres.peer.impl.PsResCenterResPeerImpl#0,com.aic.paas.cres.peer.impl.PsMntResApplyPeerImpl#0,com.aic.paas.cres.peer.impl.PcImageRepositoryPeerImpl#0,org.springframework.context.annotation.ConfigurationClassPostProcessor.importAwareProcessor]; root of factory hierarchy
2016-02-28 14:20:02  [ main:1392 ] - [ INFO ]  Mapped URL path [/sso/client/auth/notLogin] onto handler 'com.binary.sso.client.auth.SsoClientAuthMvc#0'
2016-02-28 14:20:02  [ main:1393 ] - [ INFO ]  Mapped URL path [/sso/client/auth/notLogin.*] onto handler 'com.binary.sso.client.auth.SsoClientAuthMvc#0'
2016-02-28 14:20:02  [ main:1393 ] - [ INFO ]  Mapped URL path [/sso/client/auth/notLogin/] onto handler 'com.binary.sso.client.auth.SsoClientAuthMvc#0'
2016-02-28 14:20:02  [ main:1393 ] - [ INFO ]  Mapped URL path [/sso/client/auth/verifyLogin] onto handler 'com.binary.sso.client.auth.SsoClientAuthMvc#0'
2016-02-28 14:20:02  [ main:1402 ] - [ INFO ]  Mapped URL path [/sso/client/auth/verifyLogin.*] onto handler 'com.binary.sso.client.auth.SsoClientAuthMvc#0'
2016-02-28 14:20:02  [ main:1402 ] - [ INFO ]  Mapped URL path [/sso/client/auth/verifyLogin/] onto handler 'com.binary.sso.client.auth.SsoClientAuthMvc#0'
2016-02-28 14:20:02  [ main:1403 ] - [ INFO ]  Mapped URL path [/sso/client/auth/ssoCallback] onto handler 'com.binary.sso.client.auth.SsoClientAuthMvc#0'
2016-02-28 14:20:02  [ main:1403 ] - [ INFO ]  Mapped URL path [/sso/client/auth/ssoCallback.*] onto handler 'com.binary.sso.client.auth.SsoClientAuthMvc#0'
2016-02-28 14:20:02  [ main:1404 ] - [ INFO ]  Mapped URL path [/sso/client/auth/ssoCallback/] onto handler 'com.binary.sso.client.auth.SsoClientAuthMvc#0'
2016-02-28 14:20:02  [ main:1407 ] - [ INFO ]  Mapped URL path [/sys/frame/cross/drop/getDropListBatch] onto handler 'dropListMvc'
2016-02-28 14:20:02  [ main:1407 ] - [ INFO ]  Mapped URL path [/sys/frame/cross/drop/getDropListBatch.*] onto handler 'dropListMvc'
2016-02-28 14:20:02  [ main:1407 ] - [ INFO ]  Mapped URL path [/sys/frame/cross/drop/getDropListBatch/] onto handler 'dropListMvc'
2016-02-28 14:20:02  [ main:1408 ] - [ INFO ]  Mapped URL path [/sys/frame/cross/drop/getDropListBatchSingle] onto handler 'dropListMvc'
2016-02-28 14:20:02  [ main:1408 ] - [ INFO ]  Mapped URL path [/sys/frame/cross/drop/getDropListBatchSingle.*] onto handler 'dropListMvc'
2016-02-28 14:20:02  [ main:1408 ] - [ INFO ]  Mapped URL path [/sys/frame/cross/drop/getDropListBatchSingle/] onto handler 'dropListMvc'
2016-02-28 14:20:02  [ main:1408 ] - [ INFO ]  Mapped URL path [/sys/frame/cross/drop/getDropList] onto handler 'dropListMvc'
2016-02-28 14:20:02  [ main:1409 ] - [ INFO ]  Mapped URL path [/sys/frame/cross/drop/getDropList.*] onto handler 'dropListMvc'
2016-02-28 14:20:02  [ main:1409 ] - [ INFO ]  Mapped URL path [/sys/frame/cross/drop/getDropList/] onto handler 'dropListMvc'
2016-02-28 14:20:02  [ main:1410 ] - [ INFO ]  Root mapping to handler 'indexMvc'
2016-02-28 14:20:02  [ main:1410 ] - [ INFO ]  Mapped URL path [/sys/frame/cross/modu/openModuleByCode] onto handler 'moduMvc'
2016-02-28 14:20:02  [ main:1411 ] - [ INFO ]  Mapped URL path [/sys/frame/cross/modu/openModuleByCode.*] onto handler 'moduMvc'
2016-02-28 14:20:02  [ main:1411 ] - [ INFO ]  Mapped URL path [/sys/frame/cross/modu/openModuleByCode/] onto handler 'moduMvc'
2016-02-28 14:20:02  [ main:1411 ] - [ INFO ]  Mapped URL path [/sys/frame/cross/modu/openModuleById] onto handler 'moduMvc'
2016-02-28 14:20:02  [ main:1411 ] - [ INFO ]  Mapped URL path [/sys/frame/cross/modu/openModuleById.*] onto handler 'moduMvc'
2016-02-28 14:20:02  [ main:1412 ] - [ INFO ]  Mapped URL path [/sys/frame/cross/modu/openModuleById/] onto handler 'moduMvc'
2016-02-28 14:20:02  [ main:1412 ] - [ INFO ]  Mapped URL path [/sys/frame/cross/modu/getMenuTree] onto handler 'moduMvc'
2016-02-28 14:20:02  [ main:1412 ] - [ INFO ]  Mapped URL path [/sys/frame/cross/modu/getMenuTree.*] onto handler 'moduMvc'
2016-02-28 14:20:02  [ main:1413 ] - [ INFO ]  Mapped URL path [/sys/frame/cross/modu/getMenuTree/] onto handler 'moduMvc'
2016-02-28 14:20:02  [ main:1413 ] - [ INFO ]  Mapped URL path [/sys/frame/cross/tmpfile/upload] onto handler 'tmpFileMvc'
2016-02-28 14:20:02  [ main:1413 ] - [ INFO ]  Mapped URL path [/sys/frame/cross/tmpfile/upload.*] onto handler 'tmpFileMvc'
2016-02-28 14:20:02  [ main:1414 ] - [ INFO ]  Mapped URL path [/sys/frame/cross/tmpfile/upload/] onto handler 'tmpFileMvc'
2016-02-28 14:20:02  [ main:1415 ] - [ INFO ]  Mapped URL path [/dispatch/mc/**] onto handler 'dispatchMvc'
2016-02-28 14:20:02  [ main:1415 ] - [ INFO ]  Mapped URL path [/dispatch/mc/**.*] onto handler 'dispatchMvc'
2016-02-28 14:20:02  [ main:1415 ] - [ INFO ]  Mapped URL path [/dispatch/mc/**/] onto handler 'dispatchMvc'
2016-02-28 14:20:02  [ main:1415 ] - [ INFO ]  Mapped URL path [/dispatch/mi/**] onto handler 'dispatchMvc'
2016-02-28 14:20:02  [ main:1416 ] - [ INFO ]  Mapped URL path [/dispatch/mi/**.*] onto handler 'dispatchMvc'
2016-02-28 14:20:02  [ main:1416 ] - [ INFO ]  Mapped URL path [/dispatch/mi/**/] onto handler 'dispatchMvc'
2016-02-28 14:20:02  [ main:1417 ] - [ INFO ]  Mapped URL path [/res/comproom/getCompRoomDropList] onto handler 'pcCompRoomMvc'
2016-02-28 14:20:02  [ main:1417 ] - [ INFO ]  Mapped URL path [/res/comproom/getCompRoomDropList.*] onto handler 'pcCompRoomMvc'
2016-02-28 14:20:02  [ main:1417 ] - [ INFO ]  Mapped URL path [/res/comproom/getCompRoomDropList/] onto handler 'pcCompRoomMvc'
2016-02-28 14:20:02  [ main:1418 ] - [ INFO ]  Mapped URL path [/res/comproom/queryPage] onto handler 'pcCompRoomMvc'
2016-02-28 14:20:02  [ main:1418 ] - [ INFO ]  Mapped URL path [/res/comproom/queryPage.*] onto handler 'pcCompRoomMvc'
2016-02-28 14:20:02  [ main:1418 ] - [ INFO ]  Mapped URL path [/res/comproom/queryPage/] onto handler 'pcCompRoomMvc'
2016-02-28 14:20:02  [ main:1418 ] - [ INFO ]  Mapped URL path [/res/comproom/removeById] onto handler 'pcCompRoomMvc'
2016-02-28 14:20:02  [ main:1419 ] - [ INFO ]  Mapped URL path [/res/comproom/removeById.*] onto handler 'pcCompRoomMvc'
2016-02-28 14:20:02  [ main:1419 ] - [ INFO ]  Mapped URL path [/res/comproom/removeById/] onto handler 'pcCompRoomMvc'
2016-02-28 14:20:02  [ main:1419 ] - [ INFO ]  Mapped URL path [/res/comproom/queryById] onto handler 'pcCompRoomMvc'
2016-02-28 14:20:02  [ main:1420 ] - [ INFO ]  Mapped URL path [/res/comproom/queryById.*] onto handler 'pcCompRoomMvc'
2016-02-28 14:20:02  [ main:1420 ] - [ INFO ]  Mapped URL path [/res/comproom/queryById/] onto handler 'pcCompRoomMvc'
2016-02-28 14:20:02  [ main:1420 ] - [ INFO ]  Mapped URL path [/res/comproom/saveOrUpdate] onto handler 'pcCompRoomMvc'
2016-02-28 14:20:02  [ main:1420 ] - [ INFO ]  Mapped URL path [/res/comproom/saveOrUpdate.*] onto handler 'pcCompRoomMvc'
2016-02-28 14:20:02  [ main:1421 ] - [ INFO ]  Mapped URL path [/res/comproom/saveOrUpdate/] onto handler 'pcCompRoomMvc'
2016-02-28 14:20:02  [ main:1422 ] - [ INFO ]  Mapped URL path [/res/computer/getComputerRegionDropListMap] onto handler 'pcComputerMvc'
2016-02-28 14:20:02  [ main:1422 ] - [ INFO ]  Mapped URL path [/res/computer/getComputerRegionDropListMap.*] onto handler 'pcComputerMvc'
2016-02-28 14:20:02  [ main:1422 ] - [ INFO ]  Mapped URL path [/res/computer/getComputerRegionDropListMap/] onto handler 'pcComputerMvc'
2016-02-28 14:20:02  [ main:1422 ] - [ INFO ]  Mapped URL path [/res/computer/getComputerRegionTree] onto handler 'pcComputerMvc'
2016-02-28 14:20:02  [ main:1423 ] - [ INFO ]  Mapped URL path [/res/computer/getComputerRegionTree.*] onto handler 'pcComputerMvc'
2016-02-28 14:20:02  [ main:1423 ] - [ INFO ]  Mapped URL path [/res/computer/getComputerRegionTree/] onto handler 'pcComputerMvc'
2016-02-28 14:20:02  [ main:1423 ] - [ INFO ]  Mapped URL path [/res/computer/queryComputerTagList] onto handler 'pcComputerMvc'
2016-02-28 14:20:02  [ main:1423 ] - [ INFO ]  Mapped URL path [/res/computer/queryComputerTagList.*] onto handler 'pcComputerMvc'
2016-02-28 14:20:02  [ main:1424 ] - [ INFO ]  Mapped URL path [/res/computer/queryComputerTagList/] onto handler 'pcComputerMvc'
2016-02-28 14:20:02  [ main:1424 ] - [ INFO ]  Mapped URL path [/res/computer/removeComputerTags] onto handler 'pcComputerMvc'
2016-02-28 14:20:02  [ main:1424 ] - [ INFO ]  Mapped URL path [/res/computer/removeComputerTags.*] onto handler 'pcComputerMvc'
2016-02-28 14:20:02  [ main:1424 ] - [ INFO ]  Mapped URL path [/res/computer/removeComputerTags/] onto handler 'pcComputerMvc'
2016-02-28 14:20:02  [ main:1425 ] - [ INFO ]  Mapped URL path [/res/computer/saveComputerTags] onto handler 'pcComputerMvc'
2016-02-28 14:20:02  [ main:1425 ] - [ INFO ]  Mapped URL path [/res/computer/saveComputerTags.*] onto handler 'pcComputerMvc'
2016-02-28 14:20:02  [ main:1425 ] - [ INFO ]  Mapped URL path [/res/computer/saveComputerTags/] onto handler 'pcComputerMvc'
2016-02-28 14:20:02  [ main:1425 ] - [ INFO ]  Mapped URL path [/res/computer/queryPage] onto handler 'pcComputerMvc'
2016-02-28 14:20:02  [ main:1426 ] - [ INFO ]  Mapped URL path [/res/computer/queryPage.*] onto handler 'pcComputerMvc'
2016-02-28 14:20:02  [ main:1426 ] - [ INFO ]  Mapped URL path [/res/computer/queryPage/] onto handler 'pcComputerMvc'
2016-02-28 14:20:02  [ main:1426 ] - [ INFO ]  Mapped URL path [/res/computer/removeById] onto handler 'pcComputerMvc'
2016-02-28 14:20:02  [ main:1426 ] - [ INFO ]  Mapped URL path [/res/computer/removeById.*] onto handler 'pcComputerMvc'
2016-02-28 14:20:02  [ main:1427 ] - [ INFO ]  Mapped URL path [/res/computer/removeById/] onto handler 'pcComputerMvc'
2016-02-28 14:20:02  [ main:1427 ] - [ INFO ]  Mapped URL path [/res/computer/queryById] onto handler 'pcComputerMvc'
2016-02-28 14:20:02  [ main:1427 ] - [ INFO ]  Mapped URL path [/res/computer/queryById.*] onto handler 'pcComputerMvc'
2016-02-28 14:20:02  [ main:1427 ] - [ INFO ]  Mapped URL path [/res/computer/queryById/] onto handler 'pcComputerMvc'
2016-02-28 14:20:02  [ main:1428 ] - [ INFO ]  Mapped URL path [/res/computer/saveOrUpdate] onto handler 'pcComputerMvc'
2016-02-28 14:20:02  [ main:1428 ] - [ INFO ]  Mapped URL path [/res/computer/saveOrUpdate.*] onto handler 'pcComputerMvc'
2016-02-28 14:20:02  [ main:1428 ] - [ INFO ]  Mapped URL path [/res/computer/saveOrUpdate/] onto handler 'pcComputerMvc'
2016-02-28 14:20:02  [ main:1429 ] - [ INFO ]  Mapped URL path [/res/datac/getDataCenterCodeList] onto handler 'pcDataCenterMvc'
2016-02-28 14:20:02  [ main:1429 ] - [ INFO ]  Mapped URL path [/res/datac/getDataCenterCodeList.*] onto handler 'pcDataCenterMvc'
2016-02-28 14:20:02  [ main:1430 ] - [ INFO ]  Mapped URL path [/res/datac/getDataCenterCodeList/] onto handler 'pcDataCenterMvc'
2016-02-28 14:20:02  [ main:1430 ] - [ INFO ]  Mapped URL path [/res/datac/queryPage] onto handler 'pcDataCenterMvc'
2016-02-28 14:20:02  [ main:1430 ] - [ INFO ]  Mapped URL path [/res/datac/queryPage.*] onto handler 'pcDataCenterMvc'
2016-02-28 14:20:02  [ main:1430 ] - [ INFO ]  Mapped URL path [/res/datac/queryPage/] onto handler 'pcDataCenterMvc'
2016-02-28 14:20:02  [ main:1431 ] - [ INFO ]  Mapped URL path [/res/datac/removeById] onto handler 'pcDataCenterMvc'
2016-02-28 14:20:02  [ main:1431 ] - [ INFO ]  Mapped URL path [/res/datac/removeById.*] onto handler 'pcDataCenterMvc'
2016-02-28 14:20:02  [ main:1431 ] - [ INFO ]  Mapped URL path [/res/datac/removeById/] onto handler 'pcDataCenterMvc'
2016-02-28 14:20:02  [ main:1431 ] - [ INFO ]  Mapped URL path [/res/datac/queryById] onto handler 'pcDataCenterMvc'
2016-02-28 14:20:02  [ main:1432 ] - [ INFO ]  Mapped URL path [/res/datac/queryById.*] onto handler 'pcDataCenterMvc'
2016-02-28 14:20:02  [ main:1432 ] - [ INFO ]  Mapped URL path [/res/datac/queryById/] onto handler 'pcDataCenterMvc'
2016-02-28 14:20:02  [ main:1432 ] - [ INFO ]  Mapped URL path [/res/datac/saveOrUpdate] onto handler 'pcDataCenterMvc'
2016-02-28 14:20:02  [ main:1432 ] - [ INFO ]  Mapped URL path [/res/datac/saveOrUpdate.*] onto handler 'pcDataCenterMvc'
2016-02-28 14:20:02  [ main:1433 ] - [ INFO ]  Mapped URL path [/res/datac/saveOrUpdate/] onto handler 'pcDataCenterMvc'
2016-02-28 14:20:02  [ main:1434 ] - [ INFO ]  Mapped URL path [/res/imgresp/verifyRoomHasSnapshoot] onto handler 'pcImageRepositoryMvc'
2016-02-28 14:20:02  [ main:1434 ] - [ INFO ]  Mapped URL path [/res/imgresp/verifyRoomHasSnapshoot.*] onto handler 'pcImageRepositoryMvc'
2016-02-28 14:20:02  [ main:1434 ] - [ INFO ]  Mapped URL path [/res/imgresp/verifyRoomHasSnapshoot/] onto handler 'pcImageRepositoryMvc'
2016-02-28 14:20:02  [ main:1434 ] - [ INFO ]  Mapped URL path [/res/imgresp/getImageRespDropList] onto handler 'pcImageRepositoryMvc'
2016-02-28 14:20:02  [ main:1435 ] - [ INFO ]  Mapped URL path [/res/imgresp/getImageRespDropList.*] onto handler 'pcImageRepositoryMvc'
2016-02-28 14:20:02  [ main:1435 ] - [ INFO ]  Mapped URL path [/res/imgresp/getImageRespDropList/] onto handler 'pcImageRepositoryMvc'
2016-02-28 14:20:02  [ main:1435 ] - [ INFO ]  Mapped URL path [/res/imgresp/queryPage] onto handler 'pcImageRepositoryMvc'
2016-02-28 14:20:02  [ main:1435 ] - [ INFO ]  Mapped URL path [/res/imgresp/queryPage.*] onto handler 'pcImageRepositoryMvc'
2016-02-28 14:20:02  [ main:1436 ] - [ INFO ]  Mapped URL path [/res/imgresp/queryPage/] onto handler 'pcImageRepositoryMvc'
2016-02-28 14:20:02  [ main:1436 ] - [ INFO ]  Mapped URL path [/res/imgresp/removeById] onto handler 'pcImageRepositoryMvc'
2016-02-28 14:20:02  [ main:1436 ] - [ INFO ]  Mapped URL path [/res/imgresp/removeById.*] onto handler 'pcImageRepositoryMvc'
2016-02-28 14:20:02  [ main:1436 ] - [ INFO ]  Mapped URL path [/res/imgresp/removeById/] onto handler 'pcImageRepositoryMvc'
2016-02-28 14:20:02  [ main:1437 ] - [ INFO ]  Mapped URL path [/res/imgresp/queryById] onto handler 'pcImageRepositoryMvc'
2016-02-28 14:20:02  [ main:1437 ] - [ INFO ]  Mapped URL path [/res/imgresp/queryById.*] onto handler 'pcImageRepositoryMvc'
2016-02-28 14:20:02  [ main:1437 ] - [ INFO ]  Mapped URL path [/res/imgresp/queryById/] onto handler 'pcImageRepositoryMvc'
2016-02-28 14:20:02  [ main:1437 ] - [ INFO ]  Mapped URL path [/res/imgresp/queryList] onto handler 'pcImageRepositoryMvc'
2016-02-28 14:20:02  [ main:1438 ] - [ INFO ]  Mapped URL path [/res/imgresp/queryList.*] onto handler 'pcImageRepositoryMvc'
2016-02-28 14:20:02  [ main:1438 ] - [ INFO ]  Mapped URL path [/res/imgresp/queryList/] onto handler 'pcImageRepositoryMvc'
2016-02-28 14:20:02  [ main:1438 ] - [ INFO ]  Mapped URL path [/res/imgresp/saveOrUpdate] onto handler 'pcImageRepositoryMvc'
2016-02-28 14:20:02  [ main:1439 ] - [ INFO ]  Mapped URL path [/res/imgresp/saveOrUpdate.*] onto handler 'pcImageRepositoryMvc'
2016-02-28 14:20:02  [ main:1439 ] - [ INFO ]  Mapped URL path [/res/imgresp/saveOrUpdate/] onto handler 'pcImageRepositoryMvc'
2016-02-28 14:20:02  [ main:1440 ] - [ INFO ]  Mapped URL path [/res/netzone/getNetZoneCodeList] onto handler 'pcNetZoneMvc'
2016-02-28 14:20:02  [ main:1440 ] - [ INFO ]  Mapped URL path [/res/netzone/getNetZoneCodeList.*] onto handler 'pcNetZoneMvc'
2016-02-28 14:20:02  [ main:1441 ] - [ INFO ]  Mapped URL path [/res/netzone/getNetZoneCodeList/] onto handler 'pcNetZoneMvc'
2016-02-28 14:20:02  [ main:1441 ] - [ INFO ]  Mapped URL path [/res/netzone/queryPage] onto handler 'pcNetZoneMvc'
2016-02-28 14:20:02  [ main:1441 ] - [ INFO ]  Mapped URL path [/res/netzone/queryPage.*] onto handler 'pcNetZoneMvc'
2016-02-28 14:20:02  [ main:1441 ] - [ INFO ]  Mapped URL path [/res/netzone/queryPage/] onto handler 'pcNetZoneMvc'
2016-02-28 14:20:02  [ main:1442 ] - [ INFO ]  Mapped URL path [/res/netzone/removeById] onto handler 'pcNetZoneMvc'
2016-02-28 14:20:02  [ main:1442 ] - [ INFO ]  Mapped URL path [/res/netzone/removeById.*] onto handler 'pcNetZoneMvc'
2016-02-28 14:20:02  [ main:1442 ] - [ INFO ]  Mapped URL path [/res/netzone/removeById/] onto handler 'pcNetZoneMvc'
2016-02-28 14:20:02  [ main:1442 ] - [ INFO ]  Mapped URL path [/res/netzone/queryById] onto handler 'pcNetZoneMvc'
2016-02-28 14:20:02  [ main:1442 ] - [ INFO ]  Mapped URL path [/res/netzone/queryById.*] onto handler 'pcNetZoneMvc'
2016-02-28 14:20:02  [ main:1443 ] - [ INFO ]  Mapped URL path [/res/netzone/queryById/] onto handler 'pcNetZoneMvc'
2016-02-28 14:20:02  [ main:1443 ] - [ INFO ]  Mapped URL path [/res/netzone/saveOrUpdate] onto handler 'pcNetZoneMvc'
2016-02-28 14:20:02  [ main:1443 ] - [ INFO ]  Mapped URL path [/res/netzone/saveOrUpdate.*] onto handler 'pcNetZoneMvc'
2016-02-28 14:20:02  [ main:1443 ] - [ INFO ]  Mapped URL path [/res/netzone/saveOrUpdate/] onto handler 'pcNetZoneMvc'
2016-02-28 14:20:02  [ main:1444 ] - [ INFO ]  Mapped URL path [/res/resc/getResCenterCodeList] onto handler 'pcResCenterMvc'
2016-02-28 14:20:02  [ main:1445 ] - [ INFO ]  Mapped URL path [/res/resc/getResCenterCodeList.*] onto handler 'pcResCenterMvc'
2016-02-28 14:20:02  [ main:1445 ] - [ INFO ]  Mapped URL path [/res/resc/getResCenterCodeList/] onto handler 'pcResCenterMvc'
2016-02-28 14:20:02  [ main:1445 ] - [ INFO ]  Mapped URL path [/res/resc/queryPage] onto handler 'pcResCenterMvc'
2016-02-28 14:20:02  [ main:1445 ] - [ INFO ]  Mapped URL path [/res/resc/queryPage.*] onto handler 'pcResCenterMvc'
2016-02-28 14:20:02  [ main:1446 ] - [ INFO ]  Mapped URL path [/res/resc/queryPage/] onto handler 'pcResCenterMvc'
2016-02-28 14:20:02  [ main:1446 ] - [ INFO ]  Mapped URL path [/res/resc/removeById] onto handler 'pcResCenterMvc'
2016-02-28 14:20:02  [ main:1446 ] - [ INFO ]  Mapped URL path [/res/resc/removeById.*] onto handler 'pcResCenterMvc'
2016-02-28 14:20:02  [ main:1446 ] - [ INFO ]  Mapped URL path [/res/resc/removeById/] onto handler 'pcResCenterMvc'
2016-02-28 14:20:02  [ main:1447 ] - [ INFO ]  Mapped URL path [/res/resc/queryById] onto handler 'pcResCenterMvc'
2016-02-28 14:20:02  [ main:1447 ] - [ INFO ]  Mapped URL path [/res/resc/queryById.*] onto handler 'pcResCenterMvc'
2016-02-28 14:20:02  [ main:1447 ] - [ INFO ]  Mapped URL path [/res/resc/queryById/] onto handler 'pcResCenterMvc'
2016-02-28 14:20:02  [ main:1447 ] - [ INFO ]  Mapped URL path [/res/resc/saveOrUpdate] onto handler 'pcResCenterMvc'
2016-02-28 14:20:02  [ main:1448 ] - [ INFO ]  Mapped URL path [/res/resc/saveOrUpdate.*] onto handler 'pcResCenterMvc'
2016-02-28 14:20:02  [ main:1448 ] - [ INFO ]  Mapped URL path [/res/resc/saveOrUpdate/] onto handler 'pcResCenterMvc'
2016-02-28 14:20:02  [ main:1448 ] - [ INFO ]  Mapped URL path [/res/resc/queryInfoPage] onto handler 'pcResCenterMvc'
2016-02-28 14:20:02  [ main:1448 ] - [ INFO ]  Mapped URL path [/res/resc/queryInfoPage.*] onto handler 'pcResCenterMvc'
2016-02-28 14:20:02  [ main:1449 ] - [ INFO ]  Mapped URL path [/res/resc/queryInfoPage/] onto handler 'pcResCenterMvc'
2016-02-28 14:20:02  [ main:1449 ] - [ INFO ]  Mapped URL path [/res/mntresapply/checkApplyBack] onto handler 'psMntResApplyMvc'
2016-02-28 14:20:02  [ main:1450 ] - [ INFO ]  Mapped URL path [/res/mntresapply/checkApplyBack.*] onto handler 'psMntResApplyMvc'
2016-02-28 14:20:02  [ main:1450 ] - [ INFO ]  Mapped URL path [/res/mntresapply/checkApplyBack/] onto handler 'psMntResApplyMvc'
2016-02-28 14:20:02  [ main:1450 ] - [ INFO ]  Mapped URL path [/res/mntresapply/checkApplyPass] onto handler 'psMntResApplyMvc'
2016-02-28 14:20:02  [ main:1450 ] - [ INFO ]  Mapped URL path [/res/mntresapply/checkApplyPass.*] onto handler 'psMntResApplyMvc'
2016-02-28 14:20:02  [ main:1451 ] - [ INFO ]  Mapped URL path [/res/mntresapply/checkApplyPass/] onto handler 'psMntResApplyMvc'
2016-02-28 14:20:02  [ main:1451 ] - [ INFO ]  Mapped URL path [/res/mntresapply/queryInfoList] onto handler 'psMntResApplyMvc'
2016-02-28 14:20:02  [ main:1451 ] - [ INFO ]  Mapped URL path [/res/mntresapply/queryInfoList.*] onto handler 'psMntResApplyMvc'
2016-02-28 14:20:02  [ main:1451 ] - [ INFO ]  Mapped URL path [/res/mntresapply/queryInfoList/] onto handler 'psMntResApplyMvc'
2016-02-28 14:20:02  [ main:1452 ] - [ INFO ]  Mapped URL path [/res/mntresapply/queryInfoPage] onto handler 'psMntResApplyMvc'
2016-02-28 14:20:02  [ main:1452 ] - [ INFO ]  Mapped URL path [/res/mntresapply/queryInfoPage.*] onto handler 'psMntResApplyMvc'
2016-02-28 14:20:02  [ main:1452 ] - [ INFO ]  Mapped URL path [/res/mntresapply/queryInfoPage/] onto handler 'psMntResApplyMvc'
2016-02-28 14:20:02  [ main:1452 ] - [ INFO ]  Mapped URL path [/res/mntresapply/queryInfoById] onto handler 'psMntResApplyMvc'
2016-02-28 14:20:02  [ main:1452 ] - [ INFO ]  Mapped URL path [/res/mntresapply/queryInfoById.*] onto handler 'psMntResApplyMvc'
2016-02-28 14:20:02  [ main:1453 ] - [ INFO ]  Mapped URL path [/res/mntresapply/queryInfoById/] onto handler 'psMntResApplyMvc'
2016-02-28 14:20:02  [ main:1453 ] - [ INFO ]  Mapped URL path [/res/rescres/queryResById] onto handler 'psResCenterResMvc'
2016-02-28 14:20:02  [ main:1454 ] - [ INFO ]  Mapped URL path [/res/rescres/queryResById.*] onto handler 'psResCenterResMvc'
2016-02-28 14:20:02  [ main:1454 ] - [ INFO ]  Mapped URL path [/res/rescres/queryResById/] onto handler 'psResCenterResMvc'
2016-02-28 14:20:02  [ main:1454 ] - [ INFO ]  Mapped URL path [/res/rescres/queryFlowById] onto handler 'psResCenterResMvc'
2016-02-28 14:20:02  [ main:1454 ] - [ INFO ]  Mapped URL path [/res/rescres/queryFlowById.*] onto handler 'psResCenterResMvc'
2016-02-28 14:20:02  [ main:1455 ] - [ INFO ]  Mapped URL path [/res/rescres/queryFlowById/] onto handler 'psResCenterResMvc'
2016-02-28 14:20:02  [ main:1455 ] - [ INFO ]  Mapped URL path [/res/rescres/queryFlowPage] onto handler 'psResCenterResMvc'
2016-02-28 14:20:02  [ main:1455 ] - [ INFO ]  Mapped URL path [/res/rescres/queryFlowPage.*] onto handler 'psResCenterResMvc'
2016-02-28 14:20:02  [ main:1455 ] - [ INFO ]  Mapped URL path [/res/rescres/queryFlowPage/] onto handler 'psResCenterResMvc'
2016-02-28 14:20:02  [ main:1456 ] - [ INFO ]  Mapped URL path [/res/rescres/queryResPage] onto handler 'psResCenterResMvc'
2016-02-28 14:20:02  [ main:1456 ] - [ INFO ]  Mapped URL path [/res/rescres/queryResPage.*] onto handler 'psResCenterResMvc'
2016-02-28 14:20:02  [ main:1456 ] - [ INFO ]  Mapped URL path [/res/rescres/queryResPage/] onto handler 'psResCenterResMvc'
2016-02-28 14:20:02  [ main:1558 ] - [ INFO ]  FrameworkServlet 'spring': initialization completed in 1023 ms
2016-02-28 14:20:02  [ main:1581 ] - [ INFO ]  Started SelectChannelConnector@0.0.0.0:16102
2016-02-28 14:20:02  [ main:1581 ] - [ INFO ]  start server successful.
2016-02-28 14:25:46  [ main:0 ] - [ INFO ]  start jetty-server ......
2016-02-28 14:25:46  [ main:4 ] - [ INFO ]  begin initialization QueuedThreadPool ......
2016-02-28 14:25:46  [ main:4 ] - [ INFO ]  begin initialization SelectChannelConnector ......
2016-02-28 14:25:46  [ main:20 ] - [ INFO ]  Logging to org.slf4j.impl.Log4jLoggerAdapter(org.mortbay.log) via org.mortbay.log.Slf4jLog
2016-02-28 14:25:46  [ main:20 ] - [ INFO ]  begin initialization Server ......
2016-02-28 14:25:46  [ main:36 ] - [ INFO ]  begin initialization WebAppContext ......
2016-02-28 14:25:46  [ main:36 ] - [ INFO ]   initialization app-root '/paas-cres=src/main/webapp' ...... 
2016-02-28 14:25:46  [ main:67 ] - [ INFO ]  begin start server ......
2016-02-28 14:25:46  [ main:67 ] - [ INFO ]  jetty-6.1.26
2016-02-28 14:25:46  [ main:536 ] - [ INFO ]  Initializing Spring FrameworkServlet 'spring'
2016-02-28 14:25:46  [ main:536 ] - [ INFO ]  FrameworkServlet 'spring': initialization started
2016-02-28 14:25:46  [ main:552 ] - [ INFO ]  Refreshing WebApplicationContext for namespace 'spring-servlet': startup date [Sun Feb 28 14:25:46 CST 2016]; root of context hierarchy
2016-02-28 14:25:46  [ main:583 ] - [ INFO ]  Loading XML bean definitions from ServletContext resource [/WEB-INF/spring-servlet.xml]
2016-02-28 14:25:46  [ main:652 ] - [ INFO ]  Loading XML bean definitions from class path resource [spring-context.xml]
2016-02-28 14:25:47  [ main:706 ] - [ INFO ]  Loading XML bean definitions from class path resource [spring-dubbo-client.xml]
2016-02-28 14:25:47  [ main:744 ] - [ INFO ]  Loading XML bean definitions from class path resource [spring-sso-client.xml]
2016-02-28 14:25:47  [ main:760 ] - [ INFO ]  Loading XML bean definitions from class path resource [spring/spring-sso-client.xml]
2016-02-28 14:25:47  [ main:806 ] - [ INFO ]  JSR-250 'javax.annotation.ManagedBean' found and supported for component scanning
2016-02-28 14:25:47  [ main:837 ] - [ INFO ]  Loading XML bean definitions from class path resource [spring/spring-paas-frame.xml]
2016-02-28 14:25:47  [ main:853 ] - [ INFO ]  JSR-250 'javax.annotation.ManagedBean' found and supported for component scanning
2016-02-28 14:25:47  [ main:922 ] - [ INFO ]  Loading XML bean definitions from class path resource [spring/spring-paas-cres.xml]
2016-02-28 14:25:47  [ main:937 ] - [ INFO ]  JSR-250 'javax.annotation.ManagedBean' found and supported for component scanning
2016-02-28 14:25:47  [ main:1084 ] - [ INFO ]  Loading properties file from class path resource [project.properties]
2016-02-28 14:25:47  [ main:1122 ] - [ INFO ]  Pre-instantiating singletons in org.springframework.beans.factory.support.DefaultListableBeanFactory@3f4d0958: defining beans [viewResolver,org.springframework.web.servlet.handler.SimpleMappingExceptionResolver#0,multipartResolver,org.springframework.beans.factory.config.PropertyPlaceholderConfigurer#0,com.binary.framework.util.FrameworkProperties#0,DubboRestClient_SYS,DubboRestClient_RES,DubboxRest_SysFrameSvc,DubboxRest_MerchentSvc,DubboxRest_PcCompRoomSvc,DubboxRest_PcComputerSvc,DubboxRest_PcDataCenterSvc,DubboxRest_PcImageRepositorySvc,DubboxRest_PcNetZoneSvc,DubboxRest_PcResCenterSvc,DubboxRest_PsMntResApplySvc,DubboxRest_PsMntResSvc,DubboxRest_PsResCenterResSvc,org.springframework.context.annotation.internalConfigurationAnnotationProcessor,org.springframework.context.annotation.internalAutowiredAnnotationProcessor,org.springframework.context.annotation.internalRequiredAnnotationProcessor,org.springframework.context.annotation.internalCommonAnnotationProcessor,com.binary.sso.client.auth.SsoClientAuthMvc#0,com.binary.sso.client.SsoClientConfiguration#0,dropListMvc,indexMvc,moduMvc,tmpFileMvc,treeListMvc,com.aic.paas.frame.cross.peer.impl.SysAuthResPeerImpl#0,com.aic.paas.frame.cross.peer.impl.SysFramePeerImpl#0,com.aic.paas.frame.util.SysFrameUtil#0,com.aic.paas.frame.cross.integration.PaasSsoUserLoginListener#0,dispatchMvc,pcCompRoomMvc,pcComputerMvc,pcDataCenterMvc,pcImageRepositoryMvc,pcNetZoneMvc,pcResCenterMvc,psMntResApplyMvc,psResCenterResMvc,com.aic.paas.cres.peer.impl.PcCompRoomPeerImpl#0,com.aic.paas.cres.peer.impl.PcComputerPeerImpl#0,com.aic.paas.cres.peer.impl.PcDataCenterPeerImpl#0,com.aic.paas.cres.peer.impl.PcNetZonePeerImpl#0,com.aic.paas.cres.peer.impl.PcResCenterPeerImpl#0,com.aic.paas.cres.peer.impl.PsResCenterResPeerImpl#0,com.aic.paas.cres.peer.impl.PsMntResApplyPeerImpl#0,com.aic.paas.cres.peer.impl.PcImageRepositoryPeerImpl#0,org.springframework.context.annotation.ConfigurationClassPostProcessor.importAwareProcessor]; root of factory hierarchy
2016-02-28 14:25:47  [ main:1411 ] - [ INFO ]  Mapped URL path [/sso/client/auth/ssoCallback] onto handler 'com.binary.sso.client.auth.SsoClientAuthMvc#0'
2016-02-28 14:25:47  [ main:1411 ] - [ INFO ]  Mapped URL path [/sso/client/auth/ssoCallback.*] onto handler 'com.binary.sso.client.auth.SsoClientAuthMvc#0'
2016-02-28 14:25:47  [ main:1411 ] - [ INFO ]  Mapped URL path [/sso/client/auth/ssoCallback/] onto handler 'com.binary.sso.client.auth.SsoClientAuthMvc#0'
2016-02-28 14:25:47  [ main:1412 ] - [ INFO ]  Mapped URL path [/sso/client/auth/verifyLogin] onto handler 'com.binary.sso.client.auth.SsoClientAuthMvc#0'
2016-02-28 14:25:47  [ main:1412 ] - [ INFO ]  Mapped URL path [/sso/client/auth/verifyLogin.*] onto handler 'com.binary.sso.client.auth.SsoClientAuthMvc#0'
2016-02-28 14:25:47  [ main:1412 ] - [ INFO ]  Mapped URL path [/sso/client/auth/verifyLogin/] onto handler 'com.binary.sso.client.auth.SsoClientAuthMvc#0'
2016-02-28 14:25:47  [ main:1413 ] - [ INFO ]  Mapped URL path [/sso/client/auth/notLogin] onto handler 'com.binary.sso.client.auth.SsoClientAuthMvc#0'
2016-02-28 14:25:47  [ main:1413 ] - [ INFO ]  Mapped URL path [/sso/client/auth/notLogin.*] onto handler 'com.binary.sso.client.auth.SsoClientAuthMvc#0'
2016-02-28 14:25:47  [ main:1413 ] - [ INFO ]  Mapped URL path [/sso/client/auth/notLogin/] onto handler 'com.binary.sso.client.auth.SsoClientAuthMvc#0'
2016-02-28 14:25:47  [ main:1415 ] - [ INFO ]  Mapped URL path [/sys/frame/cross/drop/getDropListBatch] onto handler 'dropListMvc'
2016-02-28 14:25:47  [ main:1415 ] - [ INFO ]  Mapped URL path [/sys/frame/cross/drop/getDropListBatch.*] onto handler 'dropListMvc'
2016-02-28 14:25:47  [ main:1415 ] - [ INFO ]  Mapped URL path [/sys/frame/cross/drop/getDropListBatch/] onto handler 'dropListMvc'
2016-02-28 14:25:47  [ main:1416 ] - [ INFO ]  Mapped URL path [/sys/frame/cross/drop/getDropListBatchSingle] onto handler 'dropListMvc'
2016-02-28 14:25:47  [ main:1416 ] - [ INFO ]  Mapped URL path [/sys/frame/cross/drop/getDropListBatchSingle.*] onto handler 'dropListMvc'
2016-02-28 14:25:47  [ main:1416 ] - [ INFO ]  Mapped URL path [/sys/frame/cross/drop/getDropListBatchSingle/] onto handler 'dropListMvc'
2016-02-28 14:25:47  [ main:1416 ] - [ INFO ]  Mapped URL path [/sys/frame/cross/drop/getDropList] onto handler 'dropListMvc'
2016-02-28 14:25:47  [ main:1417 ] - [ INFO ]  Mapped URL path [/sys/frame/cross/drop/getDropList.*] onto handler 'dropListMvc'
2016-02-28 14:25:47  [ main:1417 ] - [ INFO ]  Mapped URL path [/sys/frame/cross/drop/getDropList/] onto handler 'dropListMvc'
2016-02-28 14:25:47  [ main:1418 ] - [ INFO ]  Root mapping to handler 'indexMvc'
2016-02-28 14:25:47  [ main:1418 ] - [ INFO ]  Mapped URL path [/sys/frame/cross/modu/openModuleByCode] onto handler 'moduMvc'
2016-02-28 14:25:47  [ main:1418 ] - [ INFO ]  Mapped URL path [/sys/frame/cross/modu/openModuleByCode.*] onto handler 'moduMvc'
2016-02-28 14:25:47  [ main:1419 ] - [ INFO ]  Mapped URL path [/sys/frame/cross/modu/openModuleByCode/] onto handler 'moduMvc'
2016-02-28 14:25:47  [ main:1419 ] - [ INFO ]  Mapped URL path [/sys/frame/cross/modu/openModuleById] onto handler 'moduMvc'
2016-02-28 14:25:47  [ main:1419 ] - [ INFO ]  Mapped URL path [/sys/frame/cross/modu/openModuleById.*] onto handler 'moduMvc'
2016-02-28 14:25:47  [ main:1420 ] - [ INFO ]  Mapped URL path [/sys/frame/cross/modu/openModuleById/] onto handler 'moduMvc'
2016-02-28 14:25:47  [ main:1420 ] - [ INFO ]  Mapped URL path [/sys/frame/cross/modu/getMenuTree] onto handler 'moduMvc'
2016-02-28 14:25:47  [ main:1420 ] - [ INFO ]  Mapped URL path [/sys/frame/cross/modu/getMenuTree.*] onto handler 'moduMvc'
2016-02-28 14:25:47  [ main:1420 ] - [ INFO ]  Mapped URL path [/sys/frame/cross/modu/getMenuTree/] onto handler 'moduMvc'
2016-02-28 14:25:47  [ main:1421 ] - [ INFO ]  Mapped URL path [/sys/frame/cross/tmpfile/upload] onto handler 'tmpFileMvc'
2016-02-28 14:25:47  [ main:1421 ] - [ INFO ]  Mapped URL path [/sys/frame/cross/tmpfile/upload.*] onto handler 'tmpFileMvc'
2016-02-28 14:25:47  [ main:1421 ] - [ INFO ]  Mapped URL path [/sys/frame/cross/tmpfile/upload/] onto handler 'tmpFileMvc'
2016-02-28 14:25:47  [ main:1422 ] - [ INFO ]  Mapped URL path [/dispatch/mc/**] onto handler 'dispatchMvc'
2016-02-28 14:25:47  [ main:1423 ] - [ INFO ]  Mapped URL path [/dispatch/mc/**.*] onto handler 'dispatchMvc'
2016-02-28 14:25:47  [ main:1423 ] - [ INFO ]  Mapped URL path [/dispatch/mc/**/] onto handler 'dispatchMvc'
2016-02-28 14:25:47  [ main:1423 ] - [ INFO ]  Mapped URL path [/dispatch/mi/**] onto handler 'dispatchMvc'
2016-02-28 14:25:47  [ main:1423 ] - [ INFO ]  Mapped URL path [/dispatch/mi/**.*] onto handler 'dispatchMvc'
2016-02-28 14:25:47  [ main:1424 ] - [ INFO ]  Mapped URL path [/dispatch/mi/**/] onto handler 'dispatchMvc'
2016-02-28 14:25:47  [ main:1425 ] - [ INFO ]  Mapped URL path [/res/comproom/getCompRoomDropList] onto handler 'pcCompRoomMvc'
2016-02-28 14:25:47  [ main:1425 ] - [ INFO ]  Mapped URL path [/res/comproom/getCompRoomDropList.*] onto handler 'pcCompRoomMvc'
2016-02-28 14:25:47  [ main:1425 ] - [ INFO ]  Mapped URL path [/res/comproom/getCompRoomDropList/] onto handler 'pcCompRoomMvc'
2016-02-28 14:25:47  [ main:1425 ] - [ INFO ]  Mapped URL path [/res/comproom/queryPage] onto handler 'pcCompRoomMvc'
2016-02-28 14:25:47  [ main:1426 ] - [ INFO ]  Mapped URL path [/res/comproom/queryPage.*] onto handler 'pcCompRoomMvc'
2016-02-28 14:25:47  [ main:1426 ] - [ INFO ]  Mapped URL path [/res/comproom/queryPage/] onto handler 'pcCompRoomMvc'
2016-02-28 14:25:47  [ main:1426 ] - [ INFO ]  Mapped URL path [/res/comproom/queryById] onto handler 'pcCompRoomMvc'
2016-02-28 14:25:47  [ main:1426 ] - [ INFO ]  Mapped URL path [/res/comproom/queryById.*] onto handler 'pcCompRoomMvc'
2016-02-28 14:25:47  [ main:1427 ] - [ INFO ]  Mapped URL path [/res/comproom/queryById/] onto handler 'pcCompRoomMvc'
2016-02-28 14:25:47  [ main:1427 ] - [ INFO ]  Mapped URL path [/res/comproom/removeById] onto handler 'pcCompRoomMvc'
2016-02-28 14:25:47  [ main:1427 ] - [ INFO ]  Mapped URL path [/res/comproom/removeById.*] onto handler 'pcCompRoomMvc'
2016-02-28 14:25:47  [ main:1427 ] - [ INFO ]  Mapped URL path [/res/comproom/removeById/] onto handler 'pcCompRoomMvc'
2016-02-28 14:25:47  [ main:1428 ] - [ INFO ]  Mapped URL path [/res/comproom/saveOrUpdate] onto handler 'pcCompRoomMvc'
2016-02-28 14:25:47  [ main:1428 ] - [ INFO ]  Mapped URL path [/res/comproom/saveOrUpdate.*] onto handler 'pcCompRoomMvc'
2016-02-28 14:25:47  [ main:1428 ] - [ INFO ]  Mapped URL path [/res/comproom/saveOrUpdate/] onto handler 'pcCompRoomMvc'
2016-02-28 14:25:47  [ main:1429 ] - [ INFO ]  Mapped URL path [/res/computer/getComputerRegionTree] onto handler 'pcComputerMvc'
2016-02-28 14:25:47  [ main:1430 ] - [ INFO ]  Mapped URL path [/res/computer/getComputerRegionTree.*] onto handler 'pcComputerMvc'
2016-02-28 14:25:47  [ main:1430 ] - [ INFO ]  Mapped URL path [/res/computer/getComputerRegionTree/] onto handler 'pcComputerMvc'
2016-02-28 14:25:47  [ main:1430 ] - [ INFO ]  Mapped URL path [/res/computer/getComputerRegionDropListMap] onto handler 'pcComputerMvc'
2016-02-28 14:25:47  [ main:1430 ] - [ INFO ]  Mapped URL path [/res/computer/getComputerRegionDropListMap.*] onto handler 'pcComputerMvc'
2016-02-28 14:25:47  [ main:1431 ] - [ INFO ]  Mapped URL path [/res/computer/getComputerRegionDropListMap/] onto handler 'pcComputerMvc'
2016-02-28 14:25:47  [ main:1431 ] - [ INFO ]  Mapped URL path [/res/computer/queryPage] onto handler 'pcComputerMvc'
2016-02-28 14:25:47  [ main:1431 ] - [ INFO ]  Mapped URL path [/res/computer/queryPage.*] onto handler 'pcComputerMvc'
2016-02-28 14:25:47  [ main:1431 ] - [ INFO ]  Mapped URL path [/res/computer/queryPage/] onto handler 'pcComputerMvc'
2016-02-28 14:25:47  [ main:1432 ] - [ INFO ]  Mapped URL path [/res/computer/queryById] onto handler 'pcComputerMvc'
2016-02-28 14:25:47  [ main:1432 ] - [ INFO ]  Mapped URL path [/res/computer/queryById.*] onto handler 'pcComputerMvc'
2016-02-28 14:25:47  [ main:1432 ] - [ INFO ]  Mapped URL path [/res/computer/queryById/] onto handler 'pcComputerMvc'
2016-02-28 14:25:47  [ main:1432 ] - [ INFO ]  Mapped URL path [/res/computer/removeById] onto handler 'pcComputerMvc'
2016-02-28 14:25:47  [ main:1433 ] - [ INFO ]  Mapped URL path [/res/computer/removeById.*] onto handler 'pcComputerMvc'
2016-02-28 14:25:47  [ main:1433 ] - [ INFO ]  Mapped URL path [/res/computer/removeById/] onto handler 'pcComputerMvc'
2016-02-28 14:25:47  [ main:1433 ] - [ INFO ]  Mapped URL path [/res/computer/saveOrUpdate] onto handler 'pcComputerMvc'
2016-02-28 14:25:47  [ main:1433 ] - [ INFO ]  Mapped URL path [/res/computer/saveOrUpdate.*] onto handler 'pcComputerMvc'
2016-02-28 14:25:47  [ main:1434 ] - [ INFO ]  Mapped URL path [/res/computer/saveOrUpdate/] onto handler 'pcComputerMvc'
2016-02-28 14:25:47  [ main:1434 ] - [ INFO ]  Mapped URL path [/res/computer/removeComputerTags] onto handler 'pcComputerMvc'
2016-02-28 14:25:47  [ main:1434 ] - [ INFO ]  Mapped URL path [/res/computer/removeComputerTags.*] onto handler 'pcComputerMvc'
2016-02-28 14:25:47  [ main:1434 ] - [ INFO ]  Mapped URL path [/res/computer/removeComputerTags/] onto handler 'pcComputerMvc'
2016-02-28 14:25:47  [ main:1435 ] - [ INFO ]  Mapped URL path [/res/computer/saveComputerTags] onto handler 'pcComputerMvc'
2016-02-28 14:25:47  [ main:1435 ] - [ INFO ]  Mapped URL path [/res/computer/saveComputerTags.*] onto handler 'pcComputerMvc'
2016-02-28 14:25:47  [ main:1435 ] - [ INFO ]  Mapped URL path [/res/computer/saveComputerTags/] onto handler 'pcComputerMvc'
2016-02-28 14:25:47  [ main:1435 ] - [ INFO ]  Mapped URL path [/res/computer/queryComputerTagList] onto handler 'pcComputerMvc'
2016-02-28 14:25:47  [ main:1436 ] - [ INFO ]  Mapped URL path [/res/computer/queryComputerTagList.*] onto handler 'pcComputerMvc'
2016-02-28 14:25:47  [ main:1436 ] - [ INFO ]  Mapped URL path [/res/computer/queryComputerTagList/] onto handler 'pcComputerMvc'
2016-02-28 14:25:47  [ main:1437 ] - [ INFO ]  Mapped URL path [/res/datac/getDataCenterCodeList] onto handler 'pcDataCenterMvc'
2016-02-28 14:25:47  [ main:1437 ] - [ INFO ]  Mapped URL path [/res/datac/getDataCenterCodeList.*] onto handler 'pcDataCenterMvc'
2016-02-28 14:25:47  [ main:1437 ] - [ INFO ]  Mapped URL path [/res/datac/getDataCenterCodeList/] onto handler 'pcDataCenterMvc'
2016-02-28 14:25:47  [ main:1438 ] - [ INFO ]  Mapped URL path [/res/datac/queryPage] onto handler 'pcDataCenterMvc'
2016-02-28 14:25:47  [ main:1438 ] - [ INFO ]  Mapped URL path [/res/datac/queryPage.*] onto handler 'pcDataCenterMvc'
2016-02-28 14:25:47  [ main:1438 ] - [ INFO ]  Mapped URL path [/res/datac/queryPage/] onto handler 'pcDataCenterMvc'
2016-02-28 14:25:47  [ main:1438 ] - [ INFO ]  Mapped URL path [/res/datac/queryById] onto handler 'pcDataCenterMvc'
2016-02-28 14:25:47  [ main:1439 ] - [ INFO ]  Mapped URL path [/res/datac/queryById.*] onto handler 'pcDataCenterMvc'
2016-02-28 14:25:47  [ main:1439 ] - [ INFO ]  Mapped URL path [/res/datac/queryById/] onto handler 'pcDataCenterMvc'
2016-02-28 14:25:47  [ main:1439 ] - [ INFO ]  Mapped URL path [/res/datac/removeById] onto handler 'pcDataCenterMvc'
2016-02-28 14:25:47  [ main:1439 ] - [ INFO ]  Mapped URL path [/res/datac/removeById.*] onto handler 'pcDataCenterMvc'
2016-02-28 14:25:47  [ main:1440 ] - [ INFO ]  Mapped URL path [/res/datac/removeById/] onto handler 'pcDataCenterMvc'
2016-02-28 14:25:47  [ main:1440 ] - [ INFO ]  Mapped URL path [/res/datac/saveOrUpdate] onto handler 'pcDataCenterMvc'
2016-02-28 14:25:47  [ main:1440 ] - [ INFO ]  Mapped URL path [/res/datac/saveOrUpdate.*] onto handler 'pcDataCenterMvc'
2016-02-28 14:25:47  [ main:1440 ] - [ INFO ]  Mapped URL path [/res/datac/saveOrUpdate/] onto handler 'pcDataCenterMvc'
2016-02-28 14:25:47  [ main:1441 ] - [ INFO ]  Mapped URL path [/res/imgresp/getImageRespDropList] onto handler 'pcImageRepositoryMvc'
2016-02-28 14:25:47  [ main:1442 ] - [ INFO ]  Mapped URL path [/res/imgresp/getImageRespDropList.*] onto handler 'pcImageRepositoryMvc'
2016-02-28 14:25:47  [ main:1442 ] - [ INFO ]  Mapped URL path [/res/imgresp/getImageRespDropList/] onto handler 'pcImageRepositoryMvc'
2016-02-28 14:25:47  [ main:1442 ] - [ INFO ]  Mapped URL path [/res/imgresp/verifyRoomHasSnapshoot] onto handler 'pcImageRepositoryMvc'
2016-02-28 14:25:47  [ main:1442 ] - [ INFO ]  Mapped URL path [/res/imgresp/verifyRoomHasSnapshoot.*] onto handler 'pcImageRepositoryMvc'
2016-02-28 14:25:47  [ main:1443 ] - [ INFO ]  Mapped URL path [/res/imgresp/verifyRoomHasSnapshoot/] onto handler 'pcImageRepositoryMvc'
2016-02-28 14:25:47  [ main:1443 ] - [ INFO ]  Mapped URL path [/res/imgresp/queryPage] onto handler 'pcImageRepositoryMvc'
2016-02-28 14:25:47  [ main:1443 ] - [ INFO ]  Mapped URL path [/res/imgresp/queryPage.*] onto handler 'pcImageRepositoryMvc'
2016-02-28 14:25:47  [ main:1443 ] - [ INFO ]  Mapped URL path [/res/imgresp/queryPage/] onto handler 'pcImageRepositoryMvc'
2016-02-28 14:25:47  [ main:1444 ] - [ INFO ]  Mapped URL path [/res/imgresp/queryList] onto handler 'pcImageRepositoryMvc'
2016-02-28 14:25:47  [ main:1444 ] - [ INFO ]  Mapped URL path [/res/imgresp/queryList.*] onto handler 'pcImageRepositoryMvc'
2016-02-28 14:25:47  [ main:1444 ] - [ INFO ]  Mapped URL path [/res/imgresp/queryList/] onto handler 'pcImageRepositoryMvc'
2016-02-28 14:25:47  [ main:1444 ] - [ INFO ]  Mapped URL path [/res/imgresp/queryById] onto handler 'pcImageRepositoryMvc'
2016-02-28 14:25:47  [ main:1445 ] - [ INFO ]  Mapped URL path [/res/imgresp/queryById.*] onto handler 'pcImageRepositoryMvc'
2016-02-28 14:25:47  [ main:1445 ] - [ INFO ]  Mapped URL path [/res/imgresp/queryById/] onto handler 'pcImageRepositoryMvc'
2016-02-28 14:25:47  [ main:1445 ] - [ INFO ]  Mapped URL path [/res/imgresp/removeById] onto handler 'pcImageRepositoryMvc'
2016-02-28 14:25:47  [ main:1445 ] - [ INFO ]  Mapped URL path [/res/imgresp/removeById.*] onto handler 'pcImageRepositoryMvc'
2016-02-28 14:25:47  [ main:1446 ] - [ INFO ]  Mapped URL path [/res/imgresp/removeById/] onto handler 'pcImageRepositoryMvc'
2016-02-28 14:25:47  [ main:1446 ] - [ INFO ]  Mapped URL path [/res/imgresp/saveOrUpdate] onto handler 'pcImageRepositoryMvc'
2016-02-28 14:25:47  [ main:1446 ] - [ INFO ]  Mapped URL path [/res/imgresp/saveOrUpdate.*] onto handler 'pcImageRepositoryMvc'
2016-02-28 14:25:47  [ main:1446 ] - [ INFO ]  Mapped URL path [/res/imgresp/saveOrUpdate/] onto handler 'pcImageRepositoryMvc'
2016-02-28 14:25:47  [ main:1447 ] - [ INFO ]  Mapped URL path [/res/netzone/getNetZoneCodeList] onto handler 'pcNetZoneMvc'
2016-02-28 14:25:47  [ main:1447 ] - [ INFO ]  Mapped URL path [/res/netzone/getNetZoneCodeList.*] onto handler 'pcNetZoneMvc'
2016-02-28 14:25:47  [ main:1448 ] - [ INFO ]  Mapped URL path [/res/netzone/getNetZoneCodeList/] onto handler 'pcNetZoneMvc'
2016-02-28 14:25:47  [ main:1448 ] - [ INFO ]  Mapped URL path [/res/netzone/queryPage] onto handler 'pcNetZoneMvc'
2016-02-28 14:25:47  [ main:1448 ] - [ INFO ]  Mapped URL path [/res/netzone/queryPage.*] onto handler 'pcNetZoneMvc'
2016-02-28 14:25:47  [ main:1448 ] - [ INFO ]  Mapped URL path [/res/netzone/queryPage/] onto handler 'pcNetZoneMvc'
2016-02-28 14:25:47  [ main:1449 ] - [ INFO ]  Mapped URL path [/res/netzone/queryById] onto handler 'pcNetZoneMvc'
2016-02-28 14:25:47  [ main:1449 ] - [ INFO ]  Mapped URL path [/res/netzone/queryById.*] onto handler 'pcNetZoneMvc'
2016-02-28 14:25:47  [ main:1449 ] - [ INFO ]  Mapped URL path [/res/netzone/queryById/] onto handler 'pcNetZoneMvc'
2016-02-28 14:25:47  [ main:1449 ] - [ INFO ]  Mapped URL path [/res/netzone/removeById] onto handler 'pcNetZoneMvc'
2016-02-28 14:25:47  [ main:1450 ] - [ INFO ]  Mapped URL path [/res/netzone/removeById.*] onto handler 'pcNetZoneMvc'
2016-02-28 14:25:47  [ main:1450 ] - [ INFO ]  Mapped URL path [/res/netzone/removeById/] onto handler 'pcNetZoneMvc'
2016-02-28 14:25:47  [ main:1450 ] - [ INFO ]  Mapped URL path [/res/netzone/saveOrUpdate] onto handler 'pcNetZoneMvc'
2016-02-28 14:25:47  [ main:1450 ] - [ INFO ]  Mapped URL path [/res/netzone/saveOrUpdate.*] onto handler 'pcNetZoneMvc'
2016-02-28 14:25:47  [ main:1451 ] - [ INFO ]  Mapped URL path [/res/netzone/saveOrUpdate/] onto handler 'pcNetZoneMvc'
2016-02-28 14:25:47  [ main:1451 ] - [ INFO ]  Mapped URL path [/res/resc/getResCenterCodeList] onto handler 'pcResCenterMvc'
2016-02-28 14:25:47  [ main:1452 ] - [ INFO ]  Mapped URL path [/res/resc/getResCenterCodeList.*] onto handler 'pcResCenterMvc'
2016-02-28 14:25:47  [ main:1452 ] - [ INFO ]  Mapped URL path [/res/resc/getResCenterCodeList/] onto handler 'pcResCenterMvc'
2016-02-28 14:25:47  [ main:1452 ] - [ INFO ]  Mapped URL path [/res/resc/queryPage] onto handler 'pcResCenterMvc'
2016-02-28 14:25:47  [ main:1453 ] - [ INFO ]  Mapped URL path [/res/resc/queryPage.*] onto handler 'pcResCenterMvc'
2016-02-28 14:25:47  [ main:1453 ] - [ INFO ]  Mapped URL path [/res/resc/queryPage/] onto handler 'pcResCenterMvc'
2016-02-28 14:25:47  [ main:1453 ] - [ INFO ]  Mapped URL path [/res/resc/queryById] onto handler 'pcResCenterMvc'
2016-02-28 14:25:47  [ main:1453 ] - [ INFO ]  Mapped URL path [/res/resc/queryById.*] onto handler 'pcResCenterMvc'
2016-02-28 14:25:47  [ main:1454 ] - [ INFO ]  Mapped URL path [/res/resc/queryById/] onto handler 'pcResCenterMvc'
2016-02-28 14:25:47  [ main:1454 ] - [ INFO ]  Mapped URL path [/res/resc/removeById] onto handler 'pcResCenterMvc'
2016-02-28 14:25:47  [ main:1454 ] - [ INFO ]  Mapped URL path [/res/resc/removeById.*] onto handler 'pcResCenterMvc'
2016-02-28 14:25:47  [ main:1454 ] - [ INFO ]  Mapped URL path [/res/resc/removeById/] onto handler 'pcResCenterMvc'
2016-02-28 14:25:47  [ main:1455 ] - [ INFO ]  Mapped URL path [/res/resc/saveOrUpdate] onto handler 'pcResCenterMvc'
2016-02-28 14:25:47  [ main:1455 ] - [ INFO ]  Mapped URL path [/res/resc/saveOrUpdate.*] onto handler 'pcResCenterMvc'
2016-02-28 14:25:47  [ main:1455 ] - [ INFO ]  Mapped URL path [/res/resc/saveOrUpdate/] onto handler 'pcResCenterMvc'
2016-02-28 14:25:47  [ main:1455 ] - [ INFO ]  Mapped URL path [/res/resc/queryInfoPage] onto handler 'pcResCenterMvc'
2016-02-28 14:25:47  [ main:1456 ] - [ INFO ]  Mapped URL path [/res/resc/queryInfoPage.*] onto handler 'pcResCenterMvc'
2016-02-28 14:25:47  [ main:1456 ] - [ INFO ]  Mapped URL path [/res/resc/queryInfoPage/] onto handler 'pcResCenterMvc'
2016-02-28 14:25:47  [ main:1457 ] - [ INFO ]  Mapped URL path [/res/mntresapply/checkApplyPass] onto handler 'psMntResApplyMvc'
2016-02-28 14:25:47  [ main:1457 ] - [ INFO ]  Mapped URL path [/res/mntresapply/checkApplyPass.*] onto handler 'psMntResApplyMvc'
2016-02-28 14:25:47  [ main:1457 ] - [ INFO ]  Mapped URL path [/res/mntresapply/checkApplyPass/] onto handler 'psMntResApplyMvc'
2016-02-28 14:25:47  [ main:1457 ] - [ INFO ]  Mapped URL path [/res/mntresapply/checkApplyBack] onto handler 'psMntResApplyMvc'
2016-02-28 14:25:47  [ main:1458 ] - [ INFO ]  Mapped URL path [/res/mntresapply/checkApplyBack.*] onto handler 'psMntResApplyMvc'
2016-02-28 14:25:47  [ main:1458 ] - [ INFO ]  Mapped URL path [/res/mntresapply/checkApplyBack/] onto handler 'psMntResApplyMvc'
2016-02-28 14:25:47  [ main:1458 ] - [ INFO ]  Mapped URL path [/res/mntresapply/queryInfoPage] onto handler 'psMntResApplyMvc'
2016-02-28 14:25:47  [ main:1458 ] - [ INFO ]  Mapped URL path [/res/mntresapply/queryInfoPage.*] onto handler 'psMntResApplyMvc'
2016-02-28 14:25:47  [ main:1459 ] - [ INFO ]  Mapped URL path [/res/mntresapply/queryInfoPage/] onto handler 'psMntResApplyMvc'
2016-02-28 14:25:47  [ main:1459 ] - [ INFO ]  Mapped URL path [/res/mntresapply/queryInfoList] onto handler 'psMntResApplyMvc'
2016-02-28 14:25:47  [ main:1459 ] - [ INFO ]  Mapped URL path [/res/mntresapply/queryInfoList.*] onto handler 'psMntResApplyMvc'
2016-02-28 14:25:47  [ main:1459 ] - [ INFO ]  Mapped URL path [/res/mntresapply/queryInfoList/] onto handler 'psMntResApplyMvc'
2016-02-28 14:25:47  [ main:1460 ] - [ INFO ]  Mapped URL path [/res/mntresapply/queryInfoById] onto handler 'psMntResApplyMvc'
2016-02-28 14:25:47  [ main:1460 ] - [ INFO ]  Mapped URL path [/res/mntresapply/queryInfoById.*] onto handler 'psMntResApplyMvc'
2016-02-28 14:25:47  [ main:1460 ] - [ INFO ]  Mapped URL path [/res/mntresapply/queryInfoById/] onto handler 'psMntResApplyMvc'
2016-02-28 14:25:47  [ main:1461 ] - [ INFO ]  Mapped URL path [/res/rescres/queryResById] onto handler 'psResCenterResMvc'
2016-02-28 14:25:47  [ main:1461 ] - [ INFO ]  Mapped URL path [/res/rescres/queryResById.*] onto handler 'psResCenterResMvc'
2016-02-28 14:25:47  [ main:1461 ] - [ INFO ]  Mapped URL path [/res/rescres/queryResById/] onto handler 'psResCenterResMvc'
2016-02-28 14:25:47  [ main:1462 ] - [ INFO ]  Mapped URL path [/res/rescres/queryResPage] onto handler 'psResCenterResMvc'
2016-02-28 14:25:47  [ main:1462 ] - [ INFO ]  Mapped URL path [/res/rescres/queryResPage.*] onto handler 'psResCenterResMvc'
2016-02-28 14:25:47  [ main:1462 ] - [ INFO ]  Mapped URL path [/res/rescres/queryResPage/] onto handler 'psResCenterResMvc'
2016-02-28 14:25:47  [ main:1462 ] - [ INFO ]  Mapped URL path [/res/rescres/queryFlowPage] onto handler 'psResCenterResMvc'
2016-02-28 14:25:47  [ main:1463 ] - [ INFO ]  Mapped URL path [/res/rescres/queryFlowPage.*] onto handler 'psResCenterResMvc'
2016-02-28 14:25:47  [ main:1463 ] - [ INFO ]  Mapped URL path [/res/rescres/queryFlowPage/] onto handler 'psResCenterResMvc'
2016-02-28 14:25:47  [ main:1463 ] - [ INFO ]  Mapped URL path [/res/rescres/queryFlowById] onto handler 'psResCenterResMvc'
2016-02-28 14:25:47  [ main:1463 ] - [ INFO ]  Mapped URL path [/res/rescres/queryFlowById.*] onto handler 'psResCenterResMvc'
2016-02-28 14:25:47  [ main:1463 ] - [ INFO ]  Mapped URL path [/res/rescres/queryFlowById/] onto handler 'psResCenterResMvc'
2016-02-28 14:25:47  [ main:1565 ] - [ INFO ]  FrameworkServlet 'spring': initialization completed in 1029 ms
2016-02-28 14:25:47  [ main:1587 ] - [ INFO ]  Started SelectChannelConnector@0.0.0.0:16102
2016-02-28 14:25:47  [ main:1587 ] - [ INFO ]  start server successful.
2016-02-28 14:25:52  [ 1056769629@qtp-1867424930-7:6175 ] - [ INFO ]   sys-frame refresh login ...... 
2016-02-28 14:25:52  [ 1056769629@qtp-1867424930-7:6177 ] - [ INFO ]   sys-frame refresh login successful. 
